{"D:\\Geektrust\\DoReMi_Copy\\src\\helpers\\mainProgram-helper.ts":{"path":"D:\\Geektrust\\DoReMi_Copy\\src\\helpers\\mainProgram-helper.ts","statementMap":{"0":{"start":{"line":2,"column":22},"end":{"line":4,"column":1}},"1":{"start":{"line":3,"column":4},"end":{"line":3,"column":62}},"2":{"start":{"line":5,"column":0},"end":{"line":5,"column":62}},"3":{"start":{"line":6,"column":0},"end":{"line":6,"column":29}},"4":{"start":{"line":7,"column":17},"end":{"line":7,"column":51}},"5":{"start":{"line":8,"column":23},"end":{"line":8,"column":49}},"6":{"start":{"line":9,"column":30},"end":{"line":9,"column":71}},"7":{"start":{"line":11,"column":0},"end":{"line":57,"column":2}},"8":{"start":{"line":14,"column":26},"end":{"line":14,"column":54}},"9":{"start":{"line":15,"column":8},"end":{"line":55,"column":9}},"10":{"start":{"line":15,"column":21},"end":{"line":15,"column":22}},"11":{"start":{"line":16,"column":30},"end":{"line":16,"column":60}},"12":{"start":{"line":18,"column":28},"end":{"line":18,"column":40}},"13":{"start":{"line":19,"column":12},"end":{"line":54,"column":13}},"14":{"start":{"line":21,"column":20},"end":{"line":29,"column":99}},"15":{"start":{"line":22,"column":54},"end":{"line":22,"column":63}},"16":{"start":{"line":23,"column":24},"end":{"line":23,"column":98}},"17":{"start":{"line":24,"column":24},"end":{"line":26,"column":25}},"18":{"start":{"line":25,"column":28},"end":{"line":25,"column":56}},"19":{"start":{"line":29,"column":24},"end":{"line":29,"column":99}},"20":{"start":{"line":30,"column":20},"end":{"line":30,"column":26}},"21":{"start":{"line":32,"column":20},"end":{"line":38,"column":105}},"22":{"start":{"line":33,"column":78},"end":{"line":33,"column":87}},"23":{"start":{"line":35,"column":24},"end":{"line":35,"column":143}},"24":{"start":{"line":38,"column":24},"end":{"line":38,"column":105}},"25":{"start":{"line":39,"column":20},"end":{"line":39,"column":26}},"26":{"start":{"line":41,"column":20},"end":{"line":47,"column":105}},"27":{"start":{"line":42,"column":69},"end":{"line":42,"column":78}},"28":{"start":{"line":44,"column":24},"end":{"line":44,"column":127}},"29":{"start":{"line":47,"column":24},"end":{"line":47,"column":105}},"30":{"start":{"line":48,"column":20},"end":{"line":48,"column":26}},"31":{"start":{"line":50,"column":20},"end":{"line":50,"column":85}},"32":{"start":{"line":51,"column":20},"end":{"line":51,"column":26}},"33":{"start":{"line":53,"column":20},"end":{"line":53,"column":52}}},"fnMap":{"0":{"name":"(anonymous_0)","decl":{"start":{"line":2,"column":56},"end":{"line":2,"column":57}},"loc":{"start":{"line":2,"column":71},"end":{"line":4,"column":1}},"line":2},"1":{"name":"(anonymous_1)","decl":{"start":{"line":13,"column":16},"end":{"line":13,"column":17}},"loc":{"start":{"line":13,"column":31},"end":{"line":56,"column":5}},"line":13}},"branchMap":{"0":{"loc":{"start":{"line":2,"column":22},"end":{"line":4,"column":1}},"type":"binary-expr","locations":[{"start":{"line":2,"column":23},"end":{"line":2,"column":27}},{"start":{"line":2,"column":31},"end":{"line":2,"column":51}},{"start":{"line":2,"column":56},"end":{"line":4,"column":1}}],"line":2},"1":{"loc":{"start":{"line":3,"column":11},"end":{"line":3,"column":61}},"type":"cond-expr","locations":[{"start":{"line":3,"column":37},"end":{"line":3,"column":40}},{"start":{"line":3,"column":43},"end":{"line":3,"column":61}}],"line":3},"2":{"loc":{"start":{"line":3,"column":12},"end":{"line":3,"column":33}},"type":"binary-expr","locations":[{"start":{"line":3,"column":12},"end":{"line":3,"column":15}},{"start":{"line":3,"column":19},"end":{"line":3,"column":33}}],"line":3},"3":{"loc":{"start":{"line":19,"column":12},"end":{"line":54,"column":13}},"type":"switch","locations":[{"start":{"line":20,"column":16},"end":{"line":30,"column":26}},{"start":{"line":31,"column":16},"end":{"line":39,"column":26}},{"start":{"line":40,"column":16},"end":{"line":48,"column":26}},{"start":{"line":49,"column":16},"end":{"line":51,"column":26}},{"start":{"line":52,"column":16},"end":{"line":53,"column":52}}],"line":19},"4":{"loc":{"start":{"line":21,"column":20},"end":{"line":29,"column":99}},"type":"if","locations":[{"start":{"line":21,"column":20},"end":{"line":29,"column":99}},{"start":{"line":21,"column":20},"end":{"line":29,"column":99}}],"line":21},"5":{"loc":{"start":{"line":24,"column":24},"end":{"line":26,"column":25}},"type":"if","locations":[{"start":{"line":24,"column":24},"end":{"line":26,"column":25}},{"start":{"line":24,"column":24},"end":{"line":26,"column":25}}],"line":24},"6":{"loc":{"start":{"line":32,"column":20},"end":{"line":38,"column":105}},"type":"if","locations":[{"start":{"line":32,"column":20},"end":{"line":38,"column":105}},{"start":{"line":32,"column":20},"end":{"line":38,"column":105}}],"line":32},"7":{"loc":{"start":{"line":41,"column":20},"end":{"line":47,"column":105}},"type":"if","locations":[{"start":{"line":41,"column":20},"end":{"line":47,"column":105}},{"start":{"line":41,"column":20},"end":{"line":47,"column":105}}],"line":41}},"s":{"0":1,"1":1,"2":1,"3":1,"4":1,"5":1,"6":1,"7":1,"8":6,"9":6,"10":6,"11":10,"12":10,"13":10,"14":3,"15":2,"16":2,"17":2,"18":1,"19":1,"20":3,"21":4,"22":2,"23":2,"24":2,"25":4,"26":2,"27":1,"28":1,"29":1,"30":2,"31":1,"32":1,"33":0},"f":{"0":1,"1":6},"b":{"0":[1,1,1],"1":[0,1],"2":[1,1],"3":[3,4,2,1,0],"4":[2,1],"5":[1,1],"6":[2,2],"7":[1,1]},"inputSourceMap":{"version":3,"file":"file:///D:/Geektrust/DoReMi_Copy/src/helpers/mainProgram-helper.ts","sources":["file:///D:/Geektrust/DoReMi_Copy/src/helpers/mainProgram-helper.ts"],"names":[],"mappings":";;;;;;AAAA,oDAA6B;AAC7B,kDAA8C;AAC9C,wEAAoE;AAEpE,IAAI,uBAAsC,CAAC;AAE9B,QAAA,WAAW,GAAG;IAEvB,wCAAwC;IAExC,UAAU,EAAE,CAAC,SAAiB,EAAQ,EAAE;QAEvC,MAAM,SAAS,GAAkB,SAAS,CAAC,IAAI,EAAE,CAAC,KAAK,CAAC,IAAI,CAAC,CAAC;QAE9D,KAAK,IAAI,CAAC,GAAG,CAAC,EAAE,CAAC,GAAG,SAAS,CAAC,MAAM,EAAE,CAAC,EAAE,EAAE;YAEzC,MAAM,SAAS,GAAkB,SAAS,CAAC,CAAC,CAAC,CAAC,IAAI,EAAE,CAAC,KAAK,CAAC,GAAG,CAAC,CAAC;YAEhE,6GAA6G;YAC7G,MAAM,OAAO,GAAG,SAAS,CAAC,CAAC,CAAC,CAAC;YAE7B,QAAO,OAAO,EAAC;gBACd,KAAK,0BAAW,CAAC,kBAAkB;oBAC/B,IAAG,SAAS,CAAC,MAAM,KAAK,CAAC,EAAE;wBAEvB,MAAM,CAAC,OAAO,EAAE,UAAU,CAAC,GAAG,SAAS,CAAC;wBACxC,uBAAuB,GAAG,IAAA,gBAAM,EAAC,UAAU,EAAE,YAAY,CAAC,CAAC;wBAE3D,IAAG,CAAC,uBAAuB,CAAC,OAAO,EAAE,EAAC;4BAClC,OAAO,CAAC,GAAG,CAAC,cAAc,CAAC,CAAC;yBAC/B;qBACJ;;wBACI,OAAO,CAAC,GAAG,CAAC,6DAA6D,CAAC,CAAC;oBAChF,MAAM;gBAEV,KAAK,0BAAW,CAAC,gBAAgB;oBAC7B,IAAG,SAAS,CAAC,MAAM,KAAK,CAAC,EAAE;wBAEvB,MAAM,CAAC,OAAO,EAAE,gBAAgB,EAAE,gBAAgB,CAAC,GAAG,SAAS,CAAC;wBAEhE,2DAA2D;wBAC3D,wCAAkB,CAAC,gBAAgB,CAAC,gBAAgB,EAAE,gBAAgB,EAAE,uBAAuB,CAAC,CAAC;qBAGpG;;wBACI,OAAO,CAAC,GAAG,CAAC,mEAAmE,CAAC,CAAC;oBACtF,MAAM;gBAEV,KAAK,0BAAW,CAAC,SAAS;oBACtB,IAAG,SAAS,CAAC,MAAM,KAAK,CAAC,EAAE;wBAEvB,MAAM,CAAC,OAAO,EAAE,SAAS,EAAE,cAAc,CAAC,GAAG,SAAS,CAAC;wBAEvD,6CAA6C;wBAC7C,wCAAkB,CAAC,SAAS,CAAC,SAAS,EAAE,cAAc,EAAE,uBAAuB,CAAC,CAAC;qBAEpF;;wBACI,OAAO,CAAC,GAAG,CAAC,mEAAmE,CAAC,CAAC;oBACtF,MAAM;gBAEV,KAAK,0BAAW,CAAC,qBAAqB;oBAClC,wCAAkB,CAAC,qBAAqB,EAAE,CAAC;oBAC3C,MAAM;gBAEV;oBACI,OAAO,CAAC,GAAG,CAAC,kBAAkB,CAAC,CAAC;aACpC;SACF;IACH,CAAC;CAEA,CAAA","sourcesContent":["import  moment from 'moment';\nimport { CommandType } from '../enumerations';\nimport { subscriptionHelper } from '../helpers/subscription-helper';\n\nlet subscription_start_date: moment.Moment;\n\nexport const mainProgram = {\n\n    // run program with input from text file\n\n    runProgram: (dataInput: string): void => {   \n   \n     const dataArray: Array<string> = dataInput.trim().split(\"\\n\");\n   \n     for (let i = 0; i < dataArray.length; i++) {\n   \n       const inputType: Array<string> = dataArray[i].trim().split(\" \");\n       \n       // Store command(START_SUBSCRIPTION/ADD_SUBSCRIPTION/ADD_TOPUP/PRINT_RENEWAL_DETAILS) from each line of input\n       const command = inputType[0];\n\n       switch(command){\n        case CommandType.START_SUBSCRIPTION:\n            if(inputType.length === 2) {\n   \n                const [command, start_date] = inputType;\n                subscription_start_date = moment(start_date, \"DD-MM-YYYY\");\n    \n                if(!subscription_start_date.isValid()){\n                    console.log('INVALID_DATE');\n                }\n            }\n            else console.log('Please provide subscription start date in DD-MM-YYYY format');\n            break;\n        \n        case CommandType.ADD_SUBSCRIPTION:\n            if(inputType.length === 3) {\n   \n                const [command, subscriptionType, subscriptionPlan] = inputType;\n    \n                // Call subscription helper to save Subscription in storage\n                subscriptionHelper.add_Subscription(subscriptionType, subscriptionPlan, subscription_start_date);\n                \n    \n            }\n            else console.log('Please provide all required details (Subscription Category/Plans)');\n            break;\n\n        case CommandType.ADD_TOPUP:\n            if(inputType.length === 3) {\n   \n                const [command, topUpPlan, numberOfMonths] = inputType;\n    \n                // Call TopUp helper to save TopUp in storage\n                subscriptionHelper.add_TopUp(topUpPlan, numberOfMonths, subscription_start_date);\n    \n            }\n            else console.log('Please provide all required details (TopUp Plan/Number of months)');\n            break;\n\n        case CommandType.PRINT_RENEWAL_DETAILS:\n            subscriptionHelper.print_renewal_details();\n            break;\n\n        default:\n            console.log('Invalid Command!');\n       }\n     }\n   }\n   \n   }"]},"_coverageSchema":"1a1c01bbd47fc00a2c39e90264f33305004495a9","hash":"3c75f8528ceadad5099a04aff3b51e37d90b544a","contentHash":"7ce1d1ea68ae75426ef8ca301b59da4ee01e9931aa1b0cb61f37127efda5eea1"},"D:\\Geektrust\\DoReMi_Copy\\src\\helpers\\subscription-helper.ts":{"path":"D:\\Geektrust\\DoReMi_Copy\\src\\helpers\\subscription-helper.ts","statementMap":{"0":{"start":{"line":2,"column":0},"end":{"line":2,"column":62}},"1":{"start":{"line":3,"column":0},"end":{"line":3,"column":36}},"2":{"start":{"line":4,"column":23},"end":{"line":4,"column":49}},"3":{"start":{"line":5,"column":24},"end":{"line":5,"column":59}},"4":{"start":{"line":6,"column":17},"end":{"line":6,"column":45}},"5":{"start":{"line":7,"column":18},"end":{"line":7,"column":47}},"6":{"start":{"line":8,"column":17},"end":{"line":8,"column":34}},"7":{"start":{"line":9,"column":25},"end":{"line":9,"column":52}},"8":{"start":{"line":10,"column":20},"end":{"line":10,"column":21}},"9":{"start":{"line":11,"column":20},"end":{"line":11,"column":21}},"10":{"start":{"line":12,"column":22},"end":{"line":12,"column":23}},"11":{"start":{"line":13,"column":20},"end":{"line":13,"column":21}},"12":{"start":{"line":14,"column":0},"end":{"line":92,"column":2}},"13":{"start":{"line":17,"column":8},"end":{"line":38,"column":9}},"14":{"start":{"line":18,"column":12},"end":{"line":18,"column":70}},"15":{"start":{"line":21,"column":12},"end":{"line":29,"column":13}},"16":{"start":{"line":22,"column":16},"end":{"line":22,"column":32}},"17":{"start":{"line":24,"column":17},"end":{"line":29,"column":13}},"18":{"start":{"line":25,"column":16},"end":{"line":25,"column":32}},"19":{"start":{"line":27,"column":17},"end":{"line":29,"column":13}},"20":{"start":{"line":28,"column":16},"end":{"line":28,"column":34}},"21":{"start":{"line":30,"column":12},"end":{"line":37,"column":13}},"22":{"start":{"line":32,"column":40},"end":{"line":32,"column":138}},"23":{"start":{"line":33,"column":16},"end":{"line":33,"column":39}},"24":{"start":{"line":36,"column":16},"end":{"line":36,"column":33}},"25":{"start":{"line":42,"column":8},"end":{"line":58,"column":9}},"26":{"start":{"line":43,"column":12},"end":{"line":43,"column":28}},"27":{"start":{"line":44,"column":12},"end":{"line":51,"column":13}},"28":{"start":{"line":46,"column":33},"end":{"line":46,"column":101}},"29":{"start":{"line":47,"column":16},"end":{"line":47,"column":32}},"30":{"start":{"line":50,"column":16},"end":{"line":50,"column":33}},"31":{"start":{"line":53,"column":13},"end":{"line":58,"column":9}},"32":{"start":{"line":54,"column":12},"end":{"line":54,"column":60}},"33":{"start":{"line":57,"column":12},"end":{"line":57,"column":68}},"34":{"start":{"line":61,"column":8},"end":{"line":90,"column":9}},"35":{"start":{"line":62,"column":48},"end":{"line":62,"column":50}},"36":{"start":{"line":62,"column":76},"end":{"line":62,"column":77}},"37":{"start":{"line":62,"column":110},"end":{"line":62,"column":111}},"38":{"start":{"line":62,"column":136},"end":{"line":62,"column":137}},"39":{"start":{"line":64,"column":40},"end":{"line":64,"column":94}},"40":{"start":{"line":65,"column":12},"end":{"line":86,"column":13}},"41":{"start":{"line":66,"column":16},"end":{"line":66,"column":55}},"42":{"start":{"line":70,"column":33},"end":{"line":70,"column":149}},"43":{"start":{"line":71,"column":16},"end":{"line":71,"column":78}},"44":{"start":{"line":72,"column":16},"end":{"line":72,"column":76}},"45":{"start":{"line":74,"column":42},"end":{"line":74,"column":89}},"46":{"start":{"line":75,"column":16},"end":{"line":82,"column":17}},"47":{"start":{"line":77,"column":37},"end":{"line":77,"column":139}},"48":{"start":{"line":78,"column":20},"end":{"line":78,"column":73}},"49":{"start":{"line":81,"column":20},"end":{"line":81,"column":52}},"50":{"start":{"line":83,"column":16},"end":{"line":83,"column":92}},"51":{"start":{"line":85,"column":16},"end":{"line":85,"column":109}},"52":{"start":{"line":89,"column":12},"end":{"line":89,"column":51}}},"fnMap":{"0":{"name":"(anonymous_0)","decl":{"start":{"line":15,"column":22},"end":{"line":15,"column":23}},"loc":{"start":{"line":15,"column":74},"end":{"line":39,"column":5}},"line":15},"1":{"name":"(anonymous_1)","decl":{"start":{"line":40,"column":15},"end":{"line":40,"column":16}},"loc":{"start":{"line":40,"column":58},"end":{"line":59,"column":5}},"line":40},"2":{"name":"(anonymous_2)","decl":{"start":{"line":60,"column":27},"end":{"line":60,"column":28}},"loc":{"start":{"line":60,"column":33},"end":{"line":91,"column":5}},"line":60}},"branchMap":{"0":{"loc":{"start":{"line":17,"column":8},"end":{"line":38,"column":9}},"type":"if","locations":[{"start":{"line":17,"column":8},"end":{"line":38,"column":9}},{"start":{"line":17,"column":8},"end":{"line":38,"column":9}}],"line":17},"1":{"loc":{"start":{"line":17,"column":12},"end":{"line":17,"column":267}},"type":"binary-expr","locations":[{"start":{"line":17,"column":13},"end":{"line":17,"column":71}},{"start":{"line":17,"column":75},"end":{"line":17,"column":92}},{"start":{"line":17,"column":98},"end":{"line":17,"column":156}},{"start":{"line":17,"column":160},"end":{"line":17,"column":177}},{"start":{"line":17,"column":183},"end":{"line":17,"column":243}},{"start":{"line":17,"column":247},"end":{"line":17,"column":266}}],"line":17},"2":{"loc":{"start":{"line":21,"column":12},"end":{"line":29,"column":13}},"type":"if","locations":[{"start":{"line":21,"column":12},"end":{"line":29,"column":13}},{"start":{"line":21,"column":12},"end":{"line":29,"column":13}}],"line":21},"3":{"loc":{"start":{"line":24,"column":17},"end":{"line":29,"column":13}},"type":"if","locations":[{"start":{"line":24,"column":17},"end":{"line":29,"column":13}},{"start":{"line":24,"column":17},"end":{"line":29,"column":13}}],"line":24},"4":{"loc":{"start":{"line":27,"column":17},"end":{"line":29,"column":13}},"type":"if","locations":[{"start":{"line":27,"column":17},"end":{"line":29,"column":13}},{"start":{"line":27,"column":17},"end":{"line":29,"column":13}}],"line":27},"5":{"loc":{"start":{"line":42,"column":8},"end":{"line":58,"column":9}},"type":"if","locations":[{"start":{"line":42,"column":8},"end":{"line":58,"column":9}},{"start":{"line":42,"column":8},"end":{"line":58,"column":9}}],"line":42},"6":{"loc":{"start":{"line":42,"column":12},"end":{"line":42,"column":104}},"type":"binary-expr","locations":[{"start":{"line":42,"column":14},"end":{"line":42,"column":31}},{"start":{"line":42,"column":37},"end":{"line":42,"column":54}},{"start":{"line":42,"column":60},"end":{"line":42,"column":79}},{"start":{"line":42,"column":85},"end":{"line":42,"column":104}}],"line":42},"7":{"loc":{"start":{"line":53,"column":13},"end":{"line":58,"column":9}},"type":"if","locations":[{"start":{"line":53,"column":13},"end":{"line":58,"column":9}},{"start":{"line":53,"column":13},"end":{"line":58,"column":9}}],"line":53},"8":{"loc":{"start":{"line":61,"column":8},"end":{"line":90,"column":9}},"type":"if","locations":[{"start":{"line":61,"column":8},"end":{"line":90,"column":9}},{"start":{"line":61,"column":8},"end":{"line":90,"column":9}}],"line":61},"9":{"loc":{"start":{"line":61,"column":12},"end":{"line":61,"column":79}},"type":"binary-expr","locations":[{"start":{"line":61,"column":13},"end":{"line":61,"column":30}},{"start":{"line":61,"column":36},"end":{"line":61,"column":53}},{"start":{"line":61,"column":59},"end":{"line":61,"column":78}}],"line":61},"10":{"loc":{"start":{"line":65,"column":12},"end":{"line":86,"column":13}},"type":"if","locations":[{"start":{"line":65,"column":12},"end":{"line":86,"column":13}},{"start":{"line":65,"column":12},"end":{"line":86,"column":13}}],"line":65},"11":{"loc":{"start":{"line":75,"column":16},"end":{"line":82,"column":17}},"type":"if","locations":[{"start":{"line":75,"column":16},"end":{"line":82,"column":17}},{"start":{"line":75,"column":16},"end":{"line":82,"column":17}}],"line":75}},"s":{"0":2,"1":2,"2":2,"3":2,"4":2,"5":2,"6":2,"7":2,"8":2,"9":2,"10":2,"11":2,"12":2,"13":3,"14":1,"15":2,"16":1,"17":1,"18":0,"19":1,"20":1,"21":2,"22":2,"23":2,"24":1,"25":4,"26":2,"27":2,"28":2,"29":2,"30":1,"31":2,"32":1,"33":1,"34":3,"35":3,"36":3,"37":3,"38":3,"39":3,"40":3,"41":1,"42":2,"43":2,"44":2,"45":2,"46":2,"47":1,"48":1,"49":1,"50":2,"51":2,"52":0},"f":{"0":3,"1":4,"2":3},"b":{"0":[1,2],"1":[3,1,3,0,3,2],"2":[1,1],"3":[0,1],"4":[1,0],"5":[2,2],"6":[4,3,3,3],"7":[1,1],"8":[3,0],"9":[3,0,0],"10":[1,2],"11":[1,1]},"inputSourceMap":{"version":3,"file":"file:///D:/Geektrust/DoReMi_Copy/src/helpers/subscription-helper.ts","sources":["file:///D:/Geektrust/DoReMi_Copy/src/helpers/subscription-helper.ts"],"names":[],"mappings":";;;AACA,kDAAmD;AACnD,4DAAyD;AACzD,8CAA2C;AAC3C,gDAAyD;AAEzD,mCAAiC;AACjC,qDAAiD;AAGjD,IAAI,aAAa,GAAG,CAAC,CAAC;AACtB,IAAI,aAAa,GAAG,CAAC,CAAC;AACtB,IAAI,eAAe,GAAG,CAAC,CAAC;AACxB,IAAI,aAAa,GAAG,CAAC,CAAC;AAGT,QAAA,kBAAkB,GAAG;IAE9B,gBAAgB,EAAE,CAAC,gBAAwB,EAAE,gBAAwB,EAAE,UAAyB,EAAQ,EAAE;QAEtG,qEAAqE;QACrE,IAAG,CAAC,gBAAgB,KAAK,+BAAgB,CAAC,KAAK,IAAI,aAAa,GAAG,CAAC,CAAC,IAAI,CAAC,gBAAgB,KAAK,+BAAgB,CAAC,KAAK,IAAI,aAAa,GAAG,CAAC,CAAC,IAAI,CAAC,gBAAgB,KAAK,+BAAgB,CAAC,OAAO,IAAI,eAAe,GAAG,CAAC,CAAC,EAAC;YAClN,OAAO,CAAC,GAAG,CAAC,4CAA4C,CAAC,CAAC;SAC7D;aACI;YACD,IAAG,gBAAgB,KAAK,+BAAgB,CAAC,KAAK,EAAC;gBAC3C,aAAa,EAAE,CAAC;aACnB;iBACI,IAAI,gBAAgB,KAAK,+BAAgB,CAAC,KAAK,EAAC;gBACjD,aAAa,EAAE,CAAC;aAEnB;iBACI,IAAG,gBAAgB,KAAK,+BAAgB,CAAC,OAAO,EAAC;gBAClD,eAAe,EAAE,CAAC;aACrB;YACD,IAAI;gBACA,mGAAmG;gBACnG,MAAM,eAAe,GAAG,IAAI,6BAAa,CAAC,eAAe,EAAE,gBAAgB,EAAE,gBAAgB,EAAE,UAAU,CAAC,CAAC;gBAC3G,eAAe,CAAC,IAAI,EAAE,CAAC;aAE1B;YAAC,OAAO,GAAG,EAAE;gBACd,OAAO,CAAC,GAAG,CAAC,GAAG,CAAC,CAAC;aAChB;SAEJ;IAEL,CAAC;IAED,SAAS,EAAE,CAAC,SAAiB,EAAE,cAAsB,EAAE,UAAyB,EAAQ,EAAE;QAEtF,+EAA+E;QAC/E,IAAG,CAAC,CAAC,aAAa,GAAC,CAAC,CAAC,IAAI,CAAC,aAAa,GAAC,CAAC,CAAC,IAAI,CAAC,eAAe,GAAC,CAAC,CAAC,CAAC,IAAI,aAAa,KAAG,CAAC,EAAE;YAErF,aAAa,EAAE,CAAC;YAEhB,IAAI;gBAEA,qFAAqF;gBACrF,MAAM,QAAQ,GAAG,IAAI,eAAM,CAAC,QAAQ,EAAE,SAAS,EAAE,cAAc,EAAE,UAAU,CAAC,CAAC;gBAC7E,QAAQ,CAAC,IAAI,EAAE,CAAC;aAEjB;YAAC,OAAO,GAAG,EAAE;gBAEZ,OAAO,CAAC,GAAG,CAAC,GAAG,CAAC,CAAC;aAClB;SAEN;aACI,IAAG,aAAa,GAAG,CAAC,EAAC;YAEtB,OAAO,CAAC,GAAG,CAAC,kCAAkC,CAAC,CAAC;SACnD;aACI;YAED,OAAO,CAAC,GAAG,CAAC,0CAA0C,CAAC,CAAC;SAC3D;IAEL,CAAC;IAED,qBAAqB,EAAE,GAAS,EAAE;QAE9B,IAAG,CAAC,aAAa,GAAC,CAAC,CAAC,IAAI,CAAC,aAAa,GAAC,CAAC,CAAC,IAAI,CAAC,eAAe,GAAC,CAAC,CAAC,EAAE;YAE9D,IAAI,6BAA6B,GAAG,EAAE,EAAE,qBAAqB,GAAG,CAAC,EAAE,4BAA4B,GAAG,CAAC,EAAE,oBAAoB,GAAG,CAAC,CAAC;YAE9H,qCAAqC;YACrC,MAAM,mBAAmB,GAAiB,6BAAmB,CAAC,OAAO,CAAC,eAAe,CAAC,CAAC;YAEvF,IAAG,IAAA,gBAAO,EAAC,mBAAmB,CAAC,EAAE;gBAC7B,OAAO,CAAC,GAAG,CAAC,yBAAyB,CAAC,CAAC;aAE1C;iBACI;gBAED,sDAAsD;gBACtD,MAAM,QAAQ,GAAG,6BAAmB,CAAC,OAAO,CAAC,eAAe,EAAE,8BAAa,CAAC,6BAA6B,CAAC,CAAC;gBAC3G,6BAA6B,GAAG,QAAQ,CAAC,oBAAoB,CAAC;gBAC9D,4BAA4B,GAAG,QAAQ,CAAC,mBAAmB,CAAC;gBAE5D,8BAA8B;gBAC9B,MAAM,iBAAiB,GAAU,6BAAmB,CAAC,OAAO,CAAC,QAAQ,CAAC,CAAC;gBAEvE,IAAG,CAAC,IAAA,gBAAO,EAAC,iBAAiB,CAAC,EAAE;oBAE5B,+CAA+C;oBAC/C,MAAM,QAAQ,GAAG,6BAAmB,CAAC,OAAO,CAAC,QAAQ,EAAE,8BAAa,CAAC,sBAAsB,CAAC,CAAC;oBAC7F,qBAAqB,GAAG,QAAQ,CAAC,mBAAmB,CAAC;iBACxD;qBACI;oBACD,OAAO,CAAC,GAAG,CAAC,kBAAkB,CAAC,CAAC;iBACnC;gBAED,oBAAoB,GAAG,4BAA4B,GAAG,qBAAqB,CAAC;gBAE5E,+CAA+C;gBAC/C,OAAO,CAAC,GAAG,CAAC,6BAA6B,GAAG,IAAI,GAAG,iBAAiB,GAAG,oBAAoB,CAAC,CAAC;aAEhG;SACJ;aACG;YACA,OAAO,CAAC,GAAG,CAAC,yBAAyB,CAAC,CAAC;SAC1C;IACL,CAAC;CAEJ,CAAA","sourcesContent":["import  moment from 'moment';\nimport { SubscriptionType } from '../enumerations';\nimport { Subscriptions } from '../classes/Subscriptions';\nimport { TopUps } from '../classes/TopUps';\nimport { Subscribed_services } from '../storage/storage';\nimport { Subscription, TopUp } from '../models';\nimport { isEmpty } from 'lodash';\nimport { renewalHelper } from './renewal-helper';\n\n\nlet video_tracker = 0;\nlet music_tracker = 0;\nlet podcast_tracker = 0;\nlet topUp_tracker = 0;\n\n\nexport const subscriptionHelper = {\n\n    add_Subscription: (subscriptionType: string, subscriptionPlan: string, start_date: moment.Moment): void => {\n\n        // condition to check if a requested Subscription Type already exists\n        if((subscriptionType === SubscriptionType.VIDEO && video_tracker > 0) || (subscriptionType === SubscriptionType.MUSIC && music_tracker > 0) || (subscriptionType === SubscriptionType.PODCAST && podcast_tracker > 0)){\n            console.log(\"ADD_SUBSCRIPTION_FAILED DUPLICATE_CATEGORY\");\n        }\n        else {\n            if(subscriptionType === SubscriptionType.VIDEO){\n                video_tracker++;\n            }\n            else if (subscriptionType === SubscriptionType.MUSIC){\n                music_tracker++;\n\n            }\n            else if(subscriptionType === SubscriptionType.PODCAST){\n                podcast_tracker++;\n            }\n            try {\n                // Call subscription class constructor method to create new Subscription object and save in storage\n                const newSubscription = new Subscriptions('Subscriptions', subscriptionType, subscriptionPlan, start_date);\n                newSubscription.save();\n\n            } catch (err) {\n            console.log(err);\n            }\n\n        }\n\n    },\n\n    add_TopUp: (topUpPlan: string, numberOfMonths: string, start_date: moment.Moment): void => {\n\n        // condition to check if a Subscription already exists and that no TopUps exist\n        if(((video_tracker>0) || (music_tracker>0) || (podcast_tracker>0)) && topUp_tracker===0) {\n\n            topUp_tracker++;\n\n            try {\n\n                // Call TopUp class constructor method to create new TopUp object and save in storage\n                const newTopUp = new TopUps('TopUps', topUpPlan, numberOfMonths, start_date);\n                newTopUp.save();\n    \n              } catch (err) {\n\n                console.log(err);\n              }\n        \n        }\n        else if(topUp_tracker > 0){\n\n            console.log(\"ADD_TOPUP_FAILED DUPLICATE_TOPUP\");\n        }\n        else {\n\n            console.log(\"ADD_TOPUP_FAILED SUBSCRIPTIONS_NOT_FOUND\");\n        }\n\n    },\n\n    print_renewal_details: (): void => {\n\n        if((video_tracker>0) || (music_tracker>0) || (podcast_tracker>0)) {\n\n            let subscriptions_renewal_Message = \"\", topUps_renewal_Amount = 0, subscriptions_renewal_Amount = 0, total_renewal_Amount = 0;\n\n            // Get all subscriptions from storage\n            const subscribed_services: Subscription = Subscribed_services.getData('Subscriptions');\n\n            if(isEmpty(subscribed_services)) {\n                console.log(\"SUBSCRIPTIONS_NOT_FOUND\");\n\n            }\n            else {\n\n                // Iterate through all Subscription objects in storage\n                const response = Subscribed_services.iterate('Subscriptions', renewalHelper.subscriptions_renewal_Handler);\n                subscriptions_renewal_Message = response.final_renewalMessage;\n                subscriptions_renewal_Amount = response.final_renewalAmount;\n                \n                // Get all topUps from storage\n                const subscribed_topUps: TopUp = Subscribed_services.getData('TopUps');\n\n                if(!isEmpty(subscribed_topUps)) {\n                    \n                    // Iterate through all TopUp objects in storage\n                    const response = Subscribed_services.iterate('TopUps', renewalHelper.topUps_renewal_Handler);\n                    topUps_renewal_Amount = response.final_renewalAmount;\n                }\n                else {\n                    console.log(\"TOPUPS_NOT_FOUND\");\n                }\n\n                total_renewal_Amount = subscriptions_renewal_Amount + topUps_renewal_Amount;\n                \n                // Log final renewal message and renewal amount\n                console.log(subscriptions_renewal_Message + '\\n' + 'RENEWAL_AMOUNT ' + total_renewal_Amount);\n                \n            }\n        }\n        else{\n            console.log(\"SUBSCRIPTIONS_NOT_FOUND\");\n        }\n    }\n\n}"]},"_coverageSchema":"1a1c01bbd47fc00a2c39e90264f33305004495a9","hash":"d686426b7d910140815e2a59c6ccdf123e36c48f","contentHash":"68134b60c9135c5f7596cc5eec2d5790c879664347afb5be96a73241afd2fbaf"},"D:\\Geektrust\\DoReMi_Copy\\src\\storage\\storage.ts":{"path":"D:\\Geektrust\\DoReMi_Copy\\src\\storage\\storage.ts","statementMap":{"0":{"start":{"line":2,"column":0},"end":{"line":2,"column":62}},"1":{"start":{"line":3,"column":0},"end":{"line":3,"column":37}},"2":{"start":{"line":5,"column":16},"end":{"line":5,"column":43}},"3":{"start":{"line":9,"column":13},"end":{"line":9,"column":15}},"4":{"start":{"line":10,"column":21},"end":{"line":12,"column":1}},"5":{"start":{"line":11,"column":4},"end":{"line":11,"column":92}},"6":{"start":{"line":13,"column":0},"end":{"line":95,"column":2}},"7":{"start":{"line":18,"column":8},"end":{"line":18,"column":20}},"8":{"start":{"line":24,"column":26},"end":{"line":24,"column":48}},"9":{"start":{"line":25,"column":8},"end":{"line":31,"column":9}},"10":{"start":{"line":26,"column":12},"end":{"line":30,"column":14}},"11":{"start":{"line":32,"column":23},"end":{"line":32,"column":47}},"12":{"start":{"line":33,"column":8},"end":{"line":38,"column":9}},"13":{"start":{"line":33,"column":21},"end":{"line":33,"column":22}},"14":{"start":{"line":34,"column":12},"end":{"line":37,"column":13}},"15":{"start":{"line":35,"column":16},"end":{"line":35,"column":74}},"16":{"start":{"line":36,"column":16},"end":{"line":36,"column":23}},"17":{"start":{"line":39,"column":8},"end":{"line":39,"column":47}},"18":{"start":{"line":40,"column":8},"end":{"line":40,"column":51}},"19":{"start":{"line":41,"column":8},"end":{"line":41,"column":25}},"20":{"start":{"line":47,"column":26},"end":{"line":47,"column":48}},"21":{"start":{"line":48,"column":8},"end":{"line":54,"column":9}},"22":{"start":{"line":49,"column":12},"end":{"line":53,"column":14}},"23":{"start":{"line":55,"column":23},"end":{"line":55,"column":47}},"24":{"start":{"line":56,"column":8},"end":{"line":61,"column":9}},"25":{"start":{"line":56,"column":21},"end":{"line":56,"column":22}},"26":{"start":{"line":57,"column":12},"end":{"line":60,"column":13}},"27":{"start":{"line":58,"column":16},"end":{"line":58,"column":64}},"28":{"start":{"line":59,"column":16},"end":{"line":59,"column":23}},"29":{"start":{"line":62,"column":8},"end":{"line":62,"column":47}},"30":{"start":{"line":63,"column":8},"end":{"line":63,"column":51}},"31":{"start":{"line":64,"column":8},"end":{"line":64,"column":25}},"32":{"start":{"line":70,"column":8},"end":{"line":72,"column":9}},"33":{"start":{"line":71,"column":12},"end":{"line":71,"column":62}},"34":{"start":{"line":73,"column":8},"end":{"line":73,"column":38}},"35":{"start":{"line":79,"column":35},"end":{"line":79,"column":37}},"36":{"start":{"line":80,"column":34},"end":{"line":80,"column":35}},"37":{"start":{"line":81,"column":8},"end":{"line":82,"column":62}},"38":{"start":{"line":82,"column":12},"end":{"line":82,"column":62}},"39":{"start":{"line":83,"column":8},"end":{"line":92,"column":9}},"40":{"start":{"line":84,"column":54},"end":{"line":84,"column":90}},"41":{"start":{"line":85,"column":12},"end":{"line":90,"column":13}},"42":{"start":{"line":86,"column":16},"end":{"line":86,"column":77}},"43":{"start":{"line":89,"column":16},"end":{"line":89,"column":84}},"44":{"start":{"line":91,"column":12},"end":{"line":91,"column":70}},"45":{"start":{"line":93,"column":8},"end":{"line":93,"column":104}}},"fnMap":{"0":{"name":"(anonymous_0)","decl":{"start":{"line":10,"column":21},"end":{"line":10,"column":22}},"loc":{"start":{"line":10,"column":33},"end":{"line":12,"column":1}},"line":10},"1":{"name":"(anonymous_1)","decl":{"start":{"line":17,"column":11},"end":{"line":17,"column":12}},"loc":{"start":{"line":17,"column":23},"end":{"line":19,"column":5}},"line":17},"2":{"name":"(anonymous_2)","decl":{"start":{"line":23,"column":22},"end":{"line":23,"column":23}},"loc":{"start":{"line":23,"column":40},"end":{"line":42,"column":5}},"line":23},"3":{"name":"(anonymous_3)","decl":{"start":{"line":46,"column":15},"end":{"line":46,"column":16}},"loc":{"start":{"line":46,"column":33},"end":{"line":65,"column":5}},"line":46},"4":{"name":"(anonymous_4)","decl":{"start":{"line":69,"column":13},"end":{"line":69,"column":14}},"loc":{"start":{"line":69,"column":34},"end":{"line":74,"column":5}},"line":69},"5":{"name":"(anonymous_5)","decl":{"start":{"line":78,"column":13},"end":{"line":78,"column":14}},"loc":{"start":{"line":78,"column":44},"end":{"line":94,"column":5}},"line":78}},"branchMap":{"0":{"loc":{"start":{"line":25,"column":8},"end":{"line":31,"column":9}},"type":"if","locations":[{"start":{"line":25,"column":8},"end":{"line":31,"column":9}},{"start":{"line":25,"column":8},"end":{"line":31,"column":9}}],"line":25},"1":{"loc":{"start":{"line":34,"column":12},"end":{"line":37,"column":13}},"type":"if","locations":[{"start":{"line":34,"column":12},"end":{"line":37,"column":13}},{"start":{"line":34,"column":12},"end":{"line":37,"column":13}}],"line":34},"2":{"loc":{"start":{"line":48,"column":8},"end":{"line":54,"column":9}},"type":"if","locations":[{"start":{"line":48,"column":8},"end":{"line":54,"column":9}},{"start":{"line":48,"column":8},"end":{"line":54,"column":9}}],"line":48},"3":{"loc":{"start":{"line":57,"column":12},"end":{"line":60,"column":13}},"type":"if","locations":[{"start":{"line":57,"column":12},"end":{"line":60,"column":13}},{"start":{"line":57,"column":12},"end":{"line":60,"column":13}}],"line":57},"4":{"loc":{"start":{"line":70,"column":8},"end":{"line":72,"column":9}},"type":"if","locations":[{"start":{"line":70,"column":8},"end":{"line":72,"column":9}},{"start":{"line":70,"column":8},"end":{"line":72,"column":9}}],"line":70},"5":{"loc":{"start":{"line":81,"column":8},"end":{"line":82,"column":62}},"type":"if","locations":[{"start":{"line":81,"column":8},"end":{"line":82,"column":62}},{"start":{"line":81,"column":8},"end":{"line":82,"column":62}}],"line":81},"6":{"loc":{"start":{"line":85,"column":12},"end":{"line":90,"column":13}},"type":"if","locations":[{"start":{"line":85,"column":12},"end":{"line":90,"column":13}},{"start":{"line":85,"column":12},"end":{"line":90,"column":13}}],"line":85}},"s":{"0":2,"1":2,"2":2,"3":2,"4":2,"5":0,"6":2,"7":13,"8":2,"9":2,"10":0,"11":2,"12":2,"13":2,"14":2,"15":1,"16":1,"17":1,"18":1,"19":1,"20":2,"21":2,"22":1,"23":2,"24":2,"25":2,"26":1,"27":1,"28":1,"29":1,"30":1,"31":1,"32":4,"33":2,"34":2,"35":4,"36":4,"37":4,"38":2,"39":2,"40":4,"41":4,"42":2,"43":2,"44":4,"45":2},"f":{"0":0,"1":13,"2":2,"3":2,"4":4,"5":4},"b":{"0":[0,2],"1":[1,1],"2":[1,1],"3":[1,0],"4":[2,2],"5":[2,2],"6":[2,2]},"inputSourceMap":{"version":3,"file":"file:///D:/Geektrust/DoReMi_Copy/src/storage/storage.ts","sources":["file:///D:/Geektrust/DoReMi_Copy/src/storage/storage.ts"],"names":[],"mappings":";;;AAAA,iCAAiC;AACjC,4CAAyC;AAGzC;;GAEG;AAGH,IAAI,MAAM,GAAG,EAAE,CAAC;AAChB,IAAI,cAAc,GAAG;IACpB,aAAK,CAAC,SAAS,CAAC,6BAA6B,EAAE,IAAI,CAAC,SAAS,CAAC,MAAM,EAAE,IAAI,EAAE,CAAC,CAAC,CAAC,CAAC;AACjF,CAAC,CAAC;AAEW,QAAA,mBAAmB,GAAG;IAEnC;;OAEG;IACH,KAAK,EAAE;QACN,MAAM,GAAG,EAAE,CAAC;IACb,CAAC;IAGD;;OAEG;IACH,gBAAgB,EAAE,UAAU,MAAM;QACjC,MAAM,SAAS,GAAG,MAAM,CAAC,QAAQ,EAAE,CAAC,IAAI,CAAC;QACzC,IAAG,CAAC,MAAM,CAAC,SAAS,CAAC,EAAE;YACtB,MAAM,CAAC,SAAS,CAAC,GAAG;gBACnB,IAAI,EAAE,SAAS;gBACf,MAAM,EAAE,CAAC;gBACT,IAAI,EAAE,EAAE;aACR,CAAC;SACF;QACE,MAAM,MAAM,GAAG,MAAM,CAAC,SAAS,CAAC,CAAC,MAAM,CAAC;QACxC,KAAI,IAAI,CAAC,GAAC,CAAC,EAAE,CAAC,GAAC,MAAM,EAAE,CAAC,EAAE,EAAC;YACvB,IAAG,MAAM,CAAC,SAAS,CAAC,CAAC,IAAI,CAAC,CAAC,CAAC,CAAC,iBAAiB,KAAK,MAAM,CAAC,iBAAiB,EAAE;gBACzE,OAAO,CAAC,GAAG,CAAC,4CAA4C,CAAC,CAAC;gBACnE,OAAO;aACD;SAEJ;QAEJ,MAAM,CAAC,EAAE,GAAG,MAAM,CAAC,SAAS,CAAC,CAAC,MAAM,EAAE,CAAC;QACvC,MAAM,CAAC,SAAS,CAAC,CAAC,IAAI,CAAC,MAAM,CAAC,EAAE,CAAC,GAAG,MAAM,CAAC;QAC3C,cAAc,EAAE,CAAC;IAClB,CAAC;IAED;;OAEG;IACH,SAAS,EAAE,UAAU,MAAM;QAC1B,MAAM,SAAS,GAAG,MAAM,CAAC,QAAQ,EAAE,CAAC,IAAI,CAAC;QACzC,IAAG,CAAC,MAAM,CAAC,SAAS,CAAC,EAAE;YACtB,MAAM,CAAC,SAAS,CAAC,GAAG;gBACnB,IAAI,EAAE,SAAS;gBACf,MAAM,EAAE,CAAC;gBACT,IAAI,EAAE,EAAE;aACR,CAAC;SACF;QACE,MAAM,MAAM,GAAG,MAAM,CAAC,SAAS,CAAC,CAAC,MAAM,CAAC;QACxC,KAAI,IAAI,CAAC,GAAC,CAAC,EAAE,CAAC,GAAC,MAAM,EAAE,CAAC,EAAE,EAAC;YACvB,IAAG,MAAM,CAAC,SAAS,CAAC,CAAC,IAAI,CAAC,CAAC,CAAC,CAAC,UAAU,KAAK,MAAM,CAAC,UAAU,EAAE;gBAC3D,OAAO,CAAC,GAAG,CAAC,kCAAkC,CAAC,CAAC;gBACzD,OAAO;aACD;SAEJ;QAEJ,MAAM,CAAC,EAAE,GAAG,MAAM,CAAC,SAAS,CAAC,CAAC,MAAM,EAAE,CAAC;QACvC,MAAM,CAAC,SAAS,CAAC,CAAC,IAAI,CAAC,MAAM,CAAC,EAAE,CAAC,GAAG,MAAM,CAAC;QAC3C,cAAc,EAAE,CAAC;IAClB,CAAC;IAED;;OAEG;IACH,OAAO,EAAE,UAAU,SAAiB;QACnC,IAAG,CAAC,MAAM,CAAC,SAAS,CAAC,EAAE;YAAC,MAAM,IAAI,KAAK,CAAC,KAAK,GAAG,SAAS,GAAG,YAAY,CAAC,CAAC;SAAC;QAC3E,OAAO,MAAM,CAAC,SAAS,CAAC,CAAC,IAAI,CAAC;IAC/B,CAAC;IAGD;;OAEG;IACH,OAAO,EAAE,UAAU,SAAiB,EAAE,QAAQ;QAC7C,IAAI,oBAAoB,GAAG,EAAE,CAAC;QAC9B,IAAI,mBAAmB,GAAG,CAAC,CAAC;QAC5B,IAAG,CAAC,MAAM,CAAC,SAAS,CAAC;YAAE,MAAM,IAAI,KAAK,CAAC,KAAK,GAAG,SAAS,GAAG,YAAY,CAAC,CAAC;QACzE,KAAI,IAAI,EAAE,IAAI,MAAM,CAAC,SAAS,CAAC,CAAC,IAAI,EAAE;YACrC,MAAM,EAAC,cAAc,EAAE,aAAa,EAAC,GAAG,QAAQ,CAAC,MAAM,CAAC,SAAS,CAAC,CAAC,IAAI,CAAC,EAAE,CAAC,CAAC,CAAC;YAC7E,IAAG,oBAAoB,KAAK,EAAE,EAAC;gBAC9B,oBAAoB,GAAG,oBAAoB,GAAG,cAAc,CAAC;aAC7D;iBACG;gBACH,oBAAoB,GAAG,oBAAoB,GAAG,IAAI,GAAG,cAAc,CAAC;aACpE;YACD,mBAAmB,GAAG,mBAAmB,GAAG,aAAa,CAAC;SAE1D;QACD,OAAO,EAAC,oBAAoB,EAAE,oBAAoB,EAAE,mBAAmB,EAAE,mBAAmB,EAAC,CAAC;IAC/F,CAAC;CAEA,CAAC","sourcesContent":["/* eslint-disable prefer-const */\nimport { utils } from '../helpers/utils';\n\n\n/*\n * Simulated in-memory database\n */\n\n\nlet tables = {};\nlet dumpToJsonFile = function() {\n\tutils.writeFile('./dist/storage/storage.json', JSON.stringify(tables, null, 4));\n};\n\nexport const Subscribed_services = {\n    \n/*\n * Reset by removing all tables\n */\nreset: function () {\n\ttables = {};\n},\n\n\n/*\n * Creates a new object of Subscriptions (row in a table)\n */\nsaveSubscription: function (object) {\n\tconst className = object.getClass().name;\n\tif(!tables[className]) {\n\t\ttables[className] = {\n\t\t\tname: className,\n\t\t\tnextId: 1,\n\t\t\trows: {}\n\t\t};\n\t}\n    const nextId = tables[className].nextId;\n    for(let i=1; i<nextId; i++){\n        if(tables[className].rows[i].Subscription_Type === object.Subscription_Type) {\n            console.log('ADD_SUBSCRIPTION_FAILED DUPLICATE_CATEGORY');\n\t\t\treturn;\n        }\n\n    }\n    \n\tobject.id = tables[className].nextId++;\n\ttables[className].rows[object.id] = object;\n\tdumpToJsonFile();\n},\n\n/*\n * Creates a new object of TopUps (row in a table)\n */\nsaveTopUp: function (object) {\n\tconst className = object.getClass().name;\n\tif(!tables[className]) {\n\t\ttables[className] = {\n\t\t\tname: className,\n\t\t\tnextId: 1,\n\t\t\trows: {}\n\t\t};\n\t}\n    const nextId = tables[className].nextId;\n    for(let i=1; i<nextId; i++){\n        if(tables[className].rows[i].TopUp_Plan === object.TopUp_Plan) {\n            console.log('ADD_TOPUP_FAILED DUPLICATE_TOPUP');\n\t\t\treturn;\n        }\n\n    }\n    \n\tobject.id = tables[className].nextId++;\n\ttables[className].rows[object.id] = object;\n\tdumpToJsonFile();\n},\n\n/*\n * Get an object by id from a table\n */\ngetData: function (className: string) {\n\tif(!tables[className]) {throw new Error('No ' + className + ' available');}\n\treturn tables[className].rows;\n},\n\n\n/*\n * Iterate through all objects\n */\niterate: function (className: string, callback): {final_renewalMessage: string, final_renewalAmount: number} {\n\tlet final_renewalMessage = \"\";\n\tlet final_renewalAmount = 0;\n\tif(!tables[className]) throw new Error('No ' + className + ' available');\n\tfor(let id in tables[className].rows) {\n\t\tconst {renewalMessage, renewalAmount} = callback(tables[className].rows[id]);\n\t\tif(final_renewalMessage === \"\"){\n\t\t\tfinal_renewalMessage = final_renewalMessage + renewalMessage;\n\t\t}\n\t\telse{\n\t\t\tfinal_renewalMessage = final_renewalMessage + '\\n' + renewalMessage;\n\t\t}\n\t\tfinal_renewalAmount = final_renewalAmount + renewalAmount;\n\t\t\n\t}\n\treturn {final_renewalMessage: final_renewalMessage, final_renewalAmount: final_renewalAmount};\n}\n\n};"]},"_coverageSchema":"1a1c01bbd47fc00a2c39e90264f33305004495a9","hash":"1cb2b2bc6e441532227b3f86b53f72c4ed134f2a","contentHash":"65e491a2a9ff8a42f0269849db18e5a40bd0afb23a99acb26bb1034234ae2443"},"D:\\Geektrust\\DoReMi_Copy\\src\\helpers\\utils.ts":{"path":"D:\\Geektrust\\DoReMi_Copy\\src\\helpers\\utils.ts","statementMap":{"0":{"start":{"line":2,"column":22},"end":{"line":12,"column":3}},"1":{"start":{"line":3,"column":4},"end":{"line":3,"column":33}},"2":{"start":{"line":3,"column":26},"end":{"line":3,"column":33}},"3":{"start":{"line":4,"column":15},"end":{"line":4,"column":52}},"4":{"start":{"line":5,"column":4},"end":{"line":7,"column":5}},"5":{"start":{"line":6,"column":6},"end":{"line":6,"column":68}},"6":{"start":{"line":6,"column":51},"end":{"line":6,"column":63}},"7":{"start":{"line":8,"column":4},"end":{"line":8,"column":39}},"8":{"start":{"line":10,"column":4},"end":{"line":10,"column":33}},"9":{"start":{"line":10,"column":26},"end":{"line":10,"column":33}},"10":{"start":{"line":11,"column":4},"end":{"line":11,"column":17}},"11":{"start":{"line":13,"column":25},"end":{"line":17,"column":2}},"12":{"start":{"line":14,"column":4},"end":{"line":14,"column":72}},"13":{"start":{"line":16,"column":4},"end":{"line":16,"column":21}},"14":{"start":{"line":18,"column":19},"end":{"line":24,"column":1}},"15":{"start":{"line":19,"column":4},"end":{"line":19,"column":42}},"16":{"start":{"line":19,"column":31},"end":{"line":19,"column":42}},"17":{"start":{"line":20,"column":17},"end":{"line":20,"column":19}},"18":{"start":{"line":21,"column":4},"end":{"line":21,"column":141}},"19":{"start":{"line":21,"column":21},"end":{"line":21,"column":141}},"20":{"start":{"line":21,"column":40},"end":{"line":21,"column":141}},"21":{"start":{"line":21,"column":109},"end":{"line":21,"column":141}},"22":{"start":{"line":22,"column":4},"end":{"line":22,"column":36}},"23":{"start":{"line":23,"column":4},"end":{"line":23,"column":18}},"24":{"start":{"line":25,"column":0},"end":{"line":25,"column":62}},"25":{"start":{"line":26,"column":0},"end":{"line":26,"column":23}},"26":{"start":{"line":30,"column":11},"end":{"line":30,"column":38}},"27":{"start":{"line":31,"column":14},"end":{"line":31,"column":46}},"28":{"start":{"line":32,"column":0},"end":{"line":57,"column":2}},"29":{"start":{"line":39,"column":19},"end":{"line":39,"column":38}},"30":{"start":{"line":40,"column":8},"end":{"line":40,"column":40}},"31":{"start":{"line":41,"column":8},"end":{"line":41,"column":58}},"32":{"start":{"line":42,"column":8},"end":{"line":42,"column":40}},"33":{"start":{"line":48,"column":8},"end":{"line":48,"column":36}},"34":{"start":{"line":54,"column":8},"end":{"line":55,"column":36}},"35":{"start":{"line":55,"column":12},"end":{"line":55,"column":36}}},"fnMap":{"0":{"name":"(anonymous_0)","decl":{"start":{"line":2,"column":74},"end":{"line":2,"column":75}},"loc":{"start":{"line":2,"column":96},"end":{"line":9,"column":1}},"line":2},"1":{"name":"(anonymous_1)","decl":{"start":{"line":6,"column":38},"end":{"line":6,"column":39}},"loc":{"start":{"line":6,"column":49},"end":{"line":6,"column":65}},"line":6},"2":{"name":"(anonymous_2)","decl":{"start":{"line":9,"column":6},"end":{"line":9,"column":7}},"loc":{"start":{"line":9,"column":28},"end":{"line":12,"column":1}},"line":9},"3":{"name":"(anonymous_3)","decl":{"start":{"line":13,"column":80},"end":{"line":13,"column":81}},"loc":{"start":{"line":13,"column":95},"end":{"line":15,"column":1}},"line":13},"4":{"name":"(anonymous_4)","decl":{"start":{"line":15,"column":5},"end":{"line":15,"column":6}},"loc":{"start":{"line":15,"column":20},"end":{"line":17,"column":1}},"line":15},"5":{"name":"(anonymous_5)","decl":{"start":{"line":18,"column":50},"end":{"line":18,"column":51}},"loc":{"start":{"line":18,"column":65},"end":{"line":24,"column":1}},"line":18},"6":{"name":"(anonymous_6)","decl":{"start":{"line":36,"column":15},"end":{"line":36,"column":16}},"loc":{"start":{"line":36,"column":40},"end":{"line":43,"column":5}},"line":36},"7":{"name":"(anonymous_7)","decl":{"start":{"line":47,"column":12},"end":{"line":47,"column":13}},"loc":{"start":{"line":47,"column":32},"end":{"line":49,"column":5}},"line":47},"8":{"name":"(anonymous_8)","decl":{"start":{"line":53,"column":16},"end":{"line":53,"column":17}},"loc":{"start":{"line":53,"column":36},"end":{"line":56,"column":5}},"line":53}},"branchMap":{"0":{"loc":{"start":{"line":2,"column":22},"end":{"line":12,"column":3}},"type":"binary-expr","locations":[{"start":{"line":2,"column":23},"end":{"line":2,"column":27}},{"start":{"line":2,"column":31},"end":{"line":2,"column":51}},{"start":{"line":2,"column":57},"end":{"line":12,"column":2}}],"line":2},"1":{"loc":{"start":{"line":2,"column":57},"end":{"line":12,"column":2}},"type":"cond-expr","locations":[{"start":{"line":2,"column":74},"end":{"line":9,"column":1}},{"start":{"line":9,"column":6},"end":{"line":12,"column":1}}],"line":2},"2":{"loc":{"start":{"line":3,"column":4},"end":{"line":3,"column":33}},"type":"if","locations":[{"start":{"line":3,"column":4},"end":{"line":3,"column":33}},{"start":{"line":3,"column":4},"end":{"line":3,"column":33}}],"line":3},"3":{"loc":{"start":{"line":5,"column":4},"end":{"line":7,"column":5}},"type":"if","locations":[{"start":{"line":5,"column":4},"end":{"line":7,"column":5}},{"start":{"line":5,"column":4},"end":{"line":7,"column":5}}],"line":5},"4":{"loc":{"start":{"line":5,"column":8},"end":{"line":5,"column":85}},"type":"binary-expr","locations":[{"start":{"line":5,"column":8},"end":{"line":5,"column":13}},{"start":{"line":5,"column":18},"end":{"line":5,"column":84}}],"line":5},"5":{"loc":{"start":{"line":5,"column":18},"end":{"line":5,"column":84}},"type":"cond-expr","locations":[{"start":{"line":5,"column":34},"end":{"line":5,"column":47}},{"start":{"line":5,"column":50},"end":{"line":5,"column":84}}],"line":5},"6":{"loc":{"start":{"line":5,"column":50},"end":{"line":5,"column":84}},"type":"binary-expr","locations":[{"start":{"line":5,"column":50},"end":{"line":5,"column":63}},{"start":{"line":5,"column":67},"end":{"line":5,"column":84}}],"line":5},"7":{"loc":{"start":{"line":10,"column":4},"end":{"line":10,"column":33}},"type":"if","locations":[{"start":{"line":10,"column":4},"end":{"line":10,"column":33}},{"start":{"line":10,"column":4},"end":{"line":10,"column":33}}],"line":10},"8":{"loc":{"start":{"line":13,"column":25},"end":{"line":17,"column":2}},"type":"binary-expr","locations":[{"start":{"line":13,"column":26},"end":{"line":13,"column":30}},{"start":{"line":13,"column":34},"end":{"line":13,"column":57}},{"start":{"line":13,"column":63},"end":{"line":17,"column":1}}],"line":13},"9":{"loc":{"start":{"line":13,"column":63},"end":{"line":17,"column":1}},"type":"cond-expr","locations":[{"start":{"line":13,"column":80},"end":{"line":15,"column":1}},{"start":{"line":15,"column":5},"end":{"line":17,"column":1}}],"line":13},"10":{"loc":{"start":{"line":18,"column":19},"end":{"line":24,"column":1}},"type":"binary-expr","locations":[{"start":{"line":18,"column":20},"end":{"line":18,"column":24}},{"start":{"line":18,"column":28},"end":{"line":18,"column":45}},{"start":{"line":18,"column":50},"end":{"line":24,"column":1}}],"line":18},"11":{"loc":{"start":{"line":19,"column":4},"end":{"line":19,"column":42}},"type":"if","locations":[{"start":{"line":19,"column":4},"end":{"line":19,"column":42}},{"start":{"line":19,"column":4},"end":{"line":19,"column":42}}],"line":19},"12":{"loc":{"start":{"line":19,"column":8},"end":{"line":19,"column":29}},"type":"binary-expr","locations":[{"start":{"line":19,"column":8},"end":{"line":19,"column":11}},{"start":{"line":19,"column":15},"end":{"line":19,"column":29}}],"line":19},"13":{"loc":{"start":{"line":21,"column":4},"end":{"line":21,"column":141}},"type":"if","locations":[{"start":{"line":21,"column":4},"end":{"line":21,"column":141}},{"start":{"line":21,"column":4},"end":{"line":21,"column":141}}],"line":21},"14":{"loc":{"start":{"line":21,"column":40},"end":{"line":21,"column":141}},"type":"if","locations":[{"start":{"line":21,"column":40},"end":{"line":21,"column":141}},{"start":{"line":21,"column":40},"end":{"line":21,"column":141}}],"line":21},"15":{"loc":{"start":{"line":21,"column":44},"end":{"line":21,"column":107}},"type":"binary-expr","locations":[{"start":{"line":21,"column":44},"end":{"line":21,"column":59}},{"start":{"line":21,"column":63},"end":{"line":21,"column":107}}],"line":21},"16":{"loc":{"start":{"line":54,"column":8},"end":{"line":55,"column":36}},"type":"if","locations":[{"start":{"line":54,"column":8},"end":{"line":55,"column":36}},{"start":{"line":54,"column":8},"end":{"line":55,"column":36}}],"line":54}},"s":{"0":1,"1":133,"2":133,"3":133,"4":133,"5":128,"6":0,"7":133,"8":0,"9":0,"10":0,"11":1,"12":2,"13":0,"14":1,"15":2,"16":0,"17":2,"18":2,"19":2,"20":133,"21":133,"22":2,"23":2,"24":1,"25":1,"26":1,"27":1,"28":1,"29":0,"30":0,"31":0,"32":0,"33":0,"34":0,"35":0},"f":{"0":133,"1":0,"2":0,"3":2,"4":0,"5":2,"6":0,"7":0,"8":0},"b":{"0":[1,1,1],"1":[1,0],"2":[133,0],"3":[128,5],"4":[133,133],"5":[5,128],"6":[128,5],"7":[0,0],"8":[1,1,1],"9":[1,0],"10":[1,1,1],"11":[0,2],"12":[2,2],"13":[2,0],"14":[133,0],"15":[133,133],"16":[0,0]},"inputSourceMap":{"version":3,"file":"file:///D:/Geektrust/DoReMi_Copy/src/helpers/utils.ts","sources":["file:///D:/Geektrust/DoReMi_Copy/src/helpers/utils.ts"],"names":[],"mappings":";;;;;;;;;;;;;;;;;;;;;;;;;;AAAG;;EAEA;AACH,uCAAyB;AACzB,+CAAiC;AAGpB,QAAA,KAAK,GAAG;IAErB;;MAEE;IACD,SAAS,EAAE,UAAS,QAAQ,EAAE,GAAG;QAClC,8BAA8B;QAC9B,wCAAwC;QACxC,IAAI,IAAI,GAAG,QAAQ,CAAC,KAAK,CAAC,GAAG,CAAC,CAAC;QAC/B,IAAI,CAAC,MAAM,CAAC,IAAI,CAAC,MAAM,GAAC,CAAC,EAAE,CAAC,CAAC,CAAC;QAC9B,aAAK,CAAC,MAAM,CAAC,IAAI,CAAC,IAAI,CAAC,gBAAgB,CAAC,CAAC,CAAC;QAC1C,EAAE,CAAC,aAAa,CAAC,QAAQ,EAAE,GAAG,CAAC,CAAC;IAChC,CAAC;IAED;;MAEE;IACD,MAAM,EAAE,UAAS,QAAQ;QAC1B,KAAK,CAAC,KAAK,CAAC,IAAI,EAAE,QAAQ,CAAC,CAAC;IAC5B,CAAC;IAED;;MAEE;IACD,UAAU,EAAE,UAAS,QAAQ;QAC9B,IAAG,EAAE,CAAC,UAAU,CAAC,QAAQ,CAAC;YAAE,EAAE,CAAC,UAAU,CAAC,QAAQ,CAAC,CAAC;IACpD,CAAC;CAGA,CAAA","sourcesContent":["   /*\n * Utilities\n */\nimport * as fs from 'fs';\nimport * as shell from 'shelljs';\n\n\nexport const utils = {\n\n/*\n* Writes the given string into a text file. The path is created if it does not exist\n*/\n writeFile: function(fileName, str) {\n// Create the path if required\n// eslint-disable-next-line prefer-const\nlet temp = fileName.split('/');\ntemp.splice(temp.length-3, 3);\nutils.mkdirp(temp.join('/dist/storage/'));\nfs.writeFileSync(fileName, str);\n},\n\n/*\n* Create the given path, if it does not exist\n*/\n mkdirp: function(fullPath) {\nshell.mkdir('-p', fullPath);\n},\n\n/*\n* Deletes the specified file\n*/\n deleteFile: function(fileName) {\nif(fs.existsSync(fileName)) fs.unlinkSync(fileName);\n}\n\n\n}"]},"_coverageSchema":"1a1c01bbd47fc00a2c39e90264f33305004495a9","hash":"eabf791990f928d4fbf2945ec55034bf6fb0f076","contentHash":"94de2cd7f1f6093585397aed02d04b3882e13c2991280043cba83d4eb59c5448"},"D:\\Geektrust\\DoReMi_Copy\\src\\helpers\\renewal-helper.ts":{"path":"D:\\Geektrust\\DoReMi_Copy\\src\\helpers\\renewal-helper.ts","statementMap":{"0":{"start":{"line":2,"column":22},"end":{"line":4,"column":1}},"1":{"start":{"line":3,"column":4},"end":{"line":3,"column":62}},"2":{"start":{"line":5,"column":0},"end":{"line":5,"column":62}},"3":{"start":{"line":6,"column":0},"end":{"line":6,"column":31}},"4":{"start":{"line":7,"column":23},"end":{"line":7,"column":49}},"5":{"start":{"line":8,"column":24},"end":{"line":8,"column":94}},"6":{"start":{"line":9,"column":24},"end":{"line":9,"column":94}},"7":{"start":{"line":10,"column":26},"end":{"line":10,"column":100}},"8":{"start":{"line":11,"column":0},"end":{"line":76,"column":2}},"9":{"start":{"line":13,"column":28},"end":{"line":13,"column":55}},"10":{"start":{"line":14,"column":28},"end":{"line":14,"column":29}},"11":{"start":{"line":15,"column":8},"end":{"line":62,"column":9}},"12":{"start":{"line":16,"column":12},"end":{"line":29,"column":13}},"13":{"start":{"line":18,"column":46},"end":{"line":18,"column":158}},"14":{"start":{"line":19,"column":20},"end":{"line":19,"column":62}},"15":{"start":{"line":22,"column":46},"end":{"line":22,"column":162}},"16":{"start":{"line":23,"column":20},"end":{"line":23,"column":62}},"17":{"start":{"line":26,"column":46},"end":{"line":26,"column":161}},"18":{"start":{"line":27,"column":20},"end":{"line":27,"column":62}},"19":{"start":{"line":31,"column":13},"end":{"line":62,"column":9}},"20":{"start":{"line":32,"column":12},"end":{"line":45,"column":13}},"21":{"start":{"line":34,"column":46},"end":{"line":34,"column":158}},"22":{"start":{"line":35,"column":20},"end":{"line":35,"column":62}},"23":{"start":{"line":38,"column":46},"end":{"line":38,"column":162}},"24":{"start":{"line":39,"column":20},"end":{"line":39,"column":62}},"25":{"start":{"line":42,"column":46},"end":{"line":42,"column":161}},"26":{"start":{"line":43,"column":20},"end":{"line":43,"column":62}},"27":{"start":{"line":47,"column":13},"end":{"line":62,"column":9}},"28":{"start":{"line":48,"column":12},"end":{"line":61,"column":13}},"29":{"start":{"line":50,"column":48},"end":{"line":50,"column":162}},"30":{"start":{"line":51,"column":20},"end":{"line":51,"column":64}},"31":{"start":{"line":54,"column":48},"end":{"line":54,"column":166}},"32":{"start":{"line":55,"column":20},"end":{"line":55,"column":64}},"33":{"start":{"line":58,"column":48},"end":{"line":58,"column":165}},"34":{"start":{"line":59,"column":20},"end":{"line":59,"column":64}},"35":{"start":{"line":65,"column":31},"end":{"line":65,"column":33}},"36":{"start":{"line":66,"column":28},"end":{"line":66,"column":29}},"37":{"start":{"line":67,"column":8},"end":{"line":74,"column":9}},"38":{"start":{"line":68,"column":12},"end":{"line":68,"column":76}},"39":{"start":{"line":69,"column":12},"end":{"line":69,"column":84}},"40":{"start":{"line":71,"column":13},"end":{"line":74,"column":9}},"41":{"start":{"line":72,"column":12},"end":{"line":72,"column":77}},"42":{"start":{"line":73,"column":12},"end":{"line":73,"column":84}}},"fnMap":{"0":{"name":"(anonymous_0)","decl":{"start":{"line":2,"column":56},"end":{"line":2,"column":57}},"loc":{"start":{"line":2,"column":71},"end":{"line":4,"column":1}},"line":2},"1":{"name":"(anonymous_1)","decl":{"start":{"line":12,"column":35},"end":{"line":12,"column":36}},"loc":{"start":{"line":12,"column":49},"end":{"line":63,"column":5}},"line":12},"2":{"name":"(anonymous_2)","decl":{"start":{"line":64,"column":28},"end":{"line":64,"column":29}},"loc":{"start":{"line":64,"column":42},"end":{"line":75,"column":5}},"line":64}},"branchMap":{"0":{"loc":{"start":{"line":2,"column":22},"end":{"line":4,"column":1}},"type":"binary-expr","locations":[{"start":{"line":2,"column":23},"end":{"line":2,"column":27}},{"start":{"line":2,"column":31},"end":{"line":2,"column":51}},{"start":{"line":2,"column":56},"end":{"line":4,"column":1}}],"line":2},"1":{"loc":{"start":{"line":3,"column":11},"end":{"line":3,"column":61}},"type":"cond-expr","locations":[{"start":{"line":3,"column":37},"end":{"line":3,"column":40}},{"start":{"line":3,"column":43},"end":{"line":3,"column":61}}],"line":3},"2":{"loc":{"start":{"line":3,"column":12},"end":{"line":3,"column":33}},"type":"binary-expr","locations":[{"start":{"line":3,"column":12},"end":{"line":3,"column":15}},{"start":{"line":3,"column":19},"end":{"line":3,"column":33}}],"line":3},"3":{"loc":{"start":{"line":15,"column":8},"end":{"line":62,"column":9}},"type":"if","locations":[{"start":{"line":15,"column":8},"end":{"line":62,"column":9}},{"start":{"line":15,"column":8},"end":{"line":62,"column":9}}],"line":15},"4":{"loc":{"start":{"line":16,"column":12},"end":{"line":29,"column":13}},"type":"switch","locations":[{"start":{"line":17,"column":16},"end":{"line":20,"column":17}},{"start":{"line":21,"column":16},"end":{"line":24,"column":17}},{"start":{"line":25,"column":16},"end":{"line":28,"column":17}}],"line":16},"5":{"loc":{"start":{"line":31,"column":13},"end":{"line":62,"column":9}},"type":"if","locations":[{"start":{"line":31,"column":13},"end":{"line":62,"column":9}},{"start":{"line":31,"column":13},"end":{"line":62,"column":9}}],"line":31},"6":{"loc":{"start":{"line":32,"column":12},"end":{"line":45,"column":13}},"type":"switch","locations":[{"start":{"line":33,"column":16},"end":{"line":36,"column":17}},{"start":{"line":37,"column":16},"end":{"line":40,"column":17}},{"start":{"line":41,"column":16},"end":{"line":44,"column":17}}],"line":32},"7":{"loc":{"start":{"line":47,"column":13},"end":{"line":62,"column":9}},"type":"if","locations":[{"start":{"line":47,"column":13},"end":{"line":62,"column":9}},{"start":{"line":47,"column":13},"end":{"line":62,"column":9}}],"line":47},"8":{"loc":{"start":{"line":48,"column":12},"end":{"line":61,"column":13}},"type":"switch","locations":[{"start":{"line":49,"column":16},"end":{"line":52,"column":17}},{"start":{"line":53,"column":16},"end":{"line":56,"column":17}},{"start":{"line":57,"column":16},"end":{"line":60,"column":17}}],"line":48},"9":{"loc":{"start":{"line":67,"column":8},"end":{"line":74,"column":9}},"type":"if","locations":[{"start":{"line":67,"column":8},"end":{"line":74,"column":9}},{"start":{"line":67,"column":8},"end":{"line":74,"column":9}}],"line":67},"10":{"loc":{"start":{"line":71,"column":13},"end":{"line":74,"column":9}},"type":"if","locations":[{"start":{"line":71,"column":13},"end":{"line":74,"column":9}},{"start":{"line":71,"column":13},"end":{"line":74,"column":9}}],"line":71}},"s":{"0":1,"1":3,"2":1,"3":1,"4":1,"5":1,"6":1,"7":1,"8":1,"9":9,"10":9,"11":9,"12":3,"13":1,"14":1,"15":1,"16":1,"17":1,"18":1,"19":6,"20":3,"21":1,"22":1,"23":1,"24":1,"25":1,"26":1,"27":3,"28":3,"29":1,"30":1,"31":1,"32":1,"33":1,"34":1,"35":2,"36":2,"37":2,"38":1,"39":1,"40":1,"41":1,"42":1},"f":{"0":3,"1":9,"2":2},"b":{"0":[1,1,1],"1":[3,0],"2":[3,3],"3":[3,6],"4":[1,1,1],"5":[3,3],"6":[1,1,1],"7":[3,0],"8":[1,1,1],"9":[1,1],"10":[1,0]},"inputSourceMap":{"version":3,"file":"file:///D:/Geektrust/DoReMi_Copy/src/helpers/renewal-helper.ts","sources":["file:///D:/Geektrust/DoReMi_Copy/src/helpers/renewal-helper.ts"],"names":[],"mappings":";;;;;;AAAA,kDAAgF;AAEhF,+FAAuF;AACvF,+FAAuF;AACvF,qGAA6F;AAGhF,QAAA,aAAa,GAAG;IAG5B,6BAA6B,EAAE,CAAC,QAAsB,EAAmD,EAAE;QAExG,MAAM,WAAW,GAAG,QAAQ,CAAC,UAAU,CAAC,KAAK,EAAE,CAAC;QAChD,IAAI,aAAa,GAAG,CAAC,CAAC;QAGtB,IAAG,QAAQ,CAAC,iBAAiB,KAAG,+BAAgB,CAAC,KAAK,EAAC;YAEnD,QAAO,QAAQ,CAAC,iBAAiB,EAAC;gBAC9B,KAAK,+BAAgB,CAAC,IAAI,CAAC,CAAC;oBACxB,MAAM,iBAAiB,GAAG,uBAA6B,CAAC,sBAAsB,CAAC,+BAAgB,CAAC,IAAI,EAAE,WAAW,EAAE,aAAa,CAAC,CAAC;oBAClI,OAAO,iBAAiB,CAAC,cAAc,EAAE,CAAC;iBAC7C;gBAED,KAAK,+BAAgB,CAAC,QAAQ,CAAC,CAAC;oBAC5B,MAAM,iBAAiB,GAAG,uBAA6B,CAAC,sBAAsB,CAAC,+BAAgB,CAAC,QAAQ,EAAE,WAAW,EAAE,aAAa,CAAC,CAAC;oBACtI,OAAO,iBAAiB,CAAC,cAAc,EAAE,CAAC;iBAC7C;gBAED,KAAK,+BAAgB,CAAC,OAAO,CAAC,CAAC;oBAC3B,MAAM,iBAAiB,GAAG,uBAA6B,CAAC,sBAAsB,CAAC,+BAAgB,CAAC,OAAO,EAAE,WAAW,EAAE,aAAa,CAAC,CAAC;oBACrI,OAAO,iBAAiB,CAAC,cAAc,EAAE,CAAC;iBAC7C;aAEJ;SAEJ;aACI,IAAG,QAAQ,CAAC,iBAAiB,KAAG,+BAAgB,CAAC,KAAK,EAAC;YAExD,QAAO,QAAQ,CAAC,iBAAiB,EAAC;gBAC9B,KAAK,+BAAgB,CAAC,IAAI,CAAC,CAAC;oBACxB,MAAM,iBAAiB,GAAG,uBAA6B,CAAC,sBAAsB,CAAC,+BAAgB,CAAC,IAAI,EAAE,WAAW,EAAE,aAAa,CAAC,CAAC;oBAClI,OAAO,iBAAiB,CAAC,cAAc,EAAE,CAAC;iBAC7C;gBAED,KAAK,+BAAgB,CAAC,QAAQ,CAAC,CAAC;oBAC5B,MAAM,iBAAiB,GAAG,uBAA6B,CAAC,sBAAsB,CAAC,+BAAgB,CAAC,QAAQ,EAAE,WAAW,EAAE,aAAa,CAAC,CAAC;oBACtI,OAAO,iBAAiB,CAAC,cAAc,EAAE,CAAC;iBAC7C;gBAED,KAAK,+BAAgB,CAAC,OAAO,CAAC,CAAC;oBAC3B,MAAM,iBAAiB,GAAG,uBAA6B,CAAC,sBAAsB,CAAC,+BAAgB,CAAC,OAAO,EAAE,WAAW,EAAE,aAAa,CAAC,CAAC;oBACrI,OAAO,iBAAiB,CAAC,cAAc,EAAE,CAAC;iBAC7C;aAEJ;SAEJ;aACI,IAAG,QAAQ,CAAC,iBAAiB,KAAG,+BAAgB,CAAC,OAAO,EAAC;YAE1D,QAAO,QAAQ,CAAC,iBAAiB,EAAC;gBAC9B,KAAK,+BAAgB,CAAC,IAAI,CAAC,CAAC;oBACxB,MAAM,mBAAmB,GAAG,yBAA+B,CAAC,sBAAsB,CAAC,+BAAgB,CAAC,IAAI,EAAE,WAAW,EAAE,aAAa,CAAC,CAAC;oBACtI,OAAO,mBAAmB,CAAC,cAAc,EAAE,CAAC;iBAC/C;gBAED,KAAK,+BAAgB,CAAC,QAAQ,CAAC,CAAC;oBAC5B,MAAM,mBAAmB,GAAG,yBAA+B,CAAC,sBAAsB,CAAC,+BAAgB,CAAC,QAAQ,EAAE,WAAW,EAAE,aAAa,CAAC,CAAC;oBAC1I,OAAO,mBAAmB,CAAC,cAAc,EAAE,CAAC;iBAC/C;gBAED,KAAK,+BAAgB,CAAC,OAAO,CAAC,CAAC;oBAC3B,MAAM,mBAAmB,GAAG,yBAA+B,CAAC,sBAAsB,CAAC,+BAAgB,CAAC,OAAO,EAAE,WAAW,EAAE,aAAa,CAAC,CAAC;oBACzI,OAAO,mBAAmB,CAAC,cAAc,EAAE,CAAC;iBAC/C;aAEJ;SAEJ;IAGL,CAAC;IAEA,sBAAsB,EAAE,CAAC,QAAe,EAAmD,EAAE;QAE1F,MAAM,cAAc,GAAG,EAAE,CAAC;QAC1B,IAAI,aAAa,GAAG,CAAC,CAAC;QAEtB,IAAG,QAAQ,CAAC,UAAU,KAAG,wBAAS,CAAC,WAAW,EAAC;YAE3C,aAAa,GAAG,MAAM,CAAC,QAAQ,CAAC,yBAAyB,CAAC,GAAC,EAAE,CAAC;YAE9D,OAAO,EAAC,cAAc,EAAE,cAAc,EAAE,aAAa,EAAE,aAAa,EAAC,CAAC;SACzE;aACI,IAAG,QAAQ,CAAC,UAAU,KAAG,wBAAS,CAAC,UAAU,EAAC;YAE/C,aAAa,GAAG,MAAM,CAAC,QAAQ,CAAC,yBAAyB,CAAC,GAAC,GAAG,CAAC;YAE/D,OAAO,EAAC,cAAc,EAAE,cAAc,EAAE,aAAa,EAAE,aAAa,EAAC,CAAC;SACzE;IAEL,CAAC;CAEA,CAAA","sourcesContent":["import { SubscriptionType, SubscriptionPlan, TopUpPlan } from '../enumerations';\nimport { Subscription, TopUp } from '../models';\nimport MusicSubscriptionPlanSelector from './music-subscription-factory/music-factory';\nimport VideoSubscriptionPlanSelector from './video-subscription-factory/video-factory';\nimport PodcastSubscriptionPlanSelector from './podcast-subscription-factory/podcast-factory';\n\n\nexport const renewalHelper = {\n\n\n subscriptions_renewal_Handler: (services: Subscription): {renewalMessage: string, renewalAmount: number} => {\n    \n    const renewalDate = services.Start_Date.clone();\n    let renewalAmount = 0;\n\n\n    if(services.Subscription_Type===SubscriptionType.MUSIC){\n\n        switch(services.Subscription_Plan){\n            case SubscriptionPlan.FREE: {\n                const MusicPlanSelector = MusicSubscriptionPlanSelector.selectSubscriptionPlan(SubscriptionPlan.FREE, renewalDate, renewalAmount);\n                return MusicPlanSelector.getRenewalInfo();\n            }\n\n            case SubscriptionPlan.PERSONAL: {\n                const MusicPlanSelector = MusicSubscriptionPlanSelector.selectSubscriptionPlan(SubscriptionPlan.PERSONAL, renewalDate, renewalAmount);\n                return MusicPlanSelector.getRenewalInfo();\n            }\n\n            case SubscriptionPlan.PREMIUM: {\n                const MusicPlanSelector = MusicSubscriptionPlanSelector.selectSubscriptionPlan(SubscriptionPlan.PREMIUM, renewalDate, renewalAmount);\n                return MusicPlanSelector.getRenewalInfo();\n            }\n                \n        }\n\n    }\n    else if(services.Subscription_Type===SubscriptionType.VIDEO){\n\n        switch(services.Subscription_Plan){\n            case SubscriptionPlan.FREE: {\n                const VideoPlanSelector = VideoSubscriptionPlanSelector.selectSubscriptionPlan(SubscriptionPlan.FREE, renewalDate, renewalAmount);\n                return VideoPlanSelector.getRenewalInfo();\n            }\n\n            case SubscriptionPlan.PERSONAL: {\n                const VideoPlanSelector = VideoSubscriptionPlanSelector.selectSubscriptionPlan(SubscriptionPlan.PERSONAL, renewalDate, renewalAmount);\n                return VideoPlanSelector.getRenewalInfo();\n            }\n\n            case SubscriptionPlan.PREMIUM: {\n                const VideoPlanSelector = VideoSubscriptionPlanSelector.selectSubscriptionPlan(SubscriptionPlan.PREMIUM, renewalDate, renewalAmount);\n                return VideoPlanSelector.getRenewalInfo();\n            }\n                \n        }\n\n    }\n    else if(services.Subscription_Type===SubscriptionType.PODCAST){\n\n        switch(services.Subscription_Plan){\n            case SubscriptionPlan.FREE: {\n                const PodcastPlanSelector = PodcastSubscriptionPlanSelector.selectSubscriptionPlan(SubscriptionPlan.FREE, renewalDate, renewalAmount);\n                return PodcastPlanSelector.getRenewalInfo();\n            }\n\n            case SubscriptionPlan.PERSONAL: {\n                const PodcastPlanSelector = PodcastSubscriptionPlanSelector.selectSubscriptionPlan(SubscriptionPlan.PERSONAL, renewalDate, renewalAmount);\n                return PodcastPlanSelector.getRenewalInfo();\n            }\n\n            case SubscriptionPlan.PREMIUM: {\n                const PodcastPlanSelector = PodcastSubscriptionPlanSelector.selectSubscriptionPlan(SubscriptionPlan.PREMIUM, renewalDate, renewalAmount);\n                return PodcastPlanSelector.getRenewalInfo();\n            }\n                \n        }\n\n    }\n\n\n},\n\n topUps_renewal_Handler: (services: TopUp): {renewalMessage: string, renewalAmount: number} => {\n\n    const renewalMessage = \"\";\n    let renewalAmount = 0;\n\n    if(services.TopUp_Plan===TopUpPlan.FOUR_DEVICE){\n\n        renewalAmount = Number(services.Required_number_of_months)*50;\n        \n        return {renewalMessage: renewalMessage, renewalAmount: renewalAmount};\n    }\n    else if(services.TopUp_Plan===TopUpPlan.TEN_DEVICE){\n\n        renewalAmount = Number(services.Required_number_of_months)*100;\n        \n        return {renewalMessage: renewalMessage, renewalAmount: renewalAmount};\n    }\n\n}\n\n}"]},"_coverageSchema":"1a1c01bbd47fc00a2c39e90264f33305004495a9","hash":"2e0507710d87d78bad5307d84b9ffe0ab74aadc2","contentHash":"7fff3d51e423ee1067e49cf8241afde4fc145e67a762d7fb8b2087cee0fd1783"},"D:\\Geektrust\\DoReMi_Copy\\src\\helpers\\music-subscription-factory\\music-factory.ts":{"path":"D:\\Geektrust\\DoReMi_Copy\\src\\helpers\\music-subscription-factory\\music-factory.ts","statementMap":{"0":{"start":{"line":2,"column":22},"end":{"line":4,"column":1}},"1":{"start":{"line":3,"column":4},"end":{"line":3,"column":62}},"2":{"start":{"line":5,"column":0},"end":{"line":5,"column":62}},"3":{"start":{"line":6,"column":23},"end":{"line":6,"column":52}},"4":{"start":{"line":7,"column":21},"end":{"line":7,"column":61}},"5":{"start":{"line":8,"column":25},"end":{"line":8,"column":69}},"6":{"start":{"line":9,"column":24},"end":{"line":9,"column":67}},"7":{"start":{"line":12,"column":8},"end":{"line":19,"column":9}},"8":{"start":{"line":14,"column":16},"end":{"line":14,"column":76}},"9":{"start":{"line":16,"column":16},"end":{"line":16,"column":80}},"10":{"start":{"line":18,"column":16},"end":{"line":18,"column":79}},"11":{"start":{"line":22,"column":0},"end":{"line":22,"column":48}}},"fnMap":{"0":{"name":"(anonymous_0)","decl":{"start":{"line":2,"column":56},"end":{"line":2,"column":57}},"loc":{"start":{"line":2,"column":71},"end":{"line":4,"column":1}},"line":2},"1":{"name":"(anonymous_1)","decl":{"start":{"line":11,"column":4},"end":{"line":11,"column":5}},"loc":{"start":{"line":11,"column":80},"end":{"line":20,"column":5}},"line":11}},"branchMap":{"0":{"loc":{"start":{"line":2,"column":22},"end":{"line":4,"column":1}},"type":"binary-expr","locations":[{"start":{"line":2,"column":23},"end":{"line":2,"column":27}},{"start":{"line":2,"column":31},"end":{"line":2,"column":51}},{"start":{"line":2,"column":56},"end":{"line":4,"column":1}}],"line":2},"1":{"loc":{"start":{"line":3,"column":11},"end":{"line":3,"column":61}},"type":"cond-expr","locations":[{"start":{"line":3,"column":37},"end":{"line":3,"column":40}},{"start":{"line":3,"column":43},"end":{"line":3,"column":61}}],"line":3},"2":{"loc":{"start":{"line":3,"column":12},"end":{"line":3,"column":33}},"type":"binary-expr","locations":[{"start":{"line":3,"column":12},"end":{"line":3,"column":15}},{"start":{"line":3,"column":19},"end":{"line":3,"column":33}}],"line":3},"3":{"loc":{"start":{"line":12,"column":8},"end":{"line":19,"column":9}},"type":"switch","locations":[{"start":{"line":13,"column":12},"end":{"line":14,"column":76}},{"start":{"line":15,"column":12},"end":{"line":16,"column":80}},{"start":{"line":17,"column":12},"end":{"line":18,"column":79}}],"line":12}},"s":{"0":1,"1":3,"2":1,"3":1,"4":1,"5":1,"6":1,"7":3,"8":1,"9":1,"10":1,"11":1},"f":{"0":3,"1":3},"b":{"0":[1,1,1],"1":[3,0],"2":[3,3],"3":[1,1,1]},"inputSourceMap":{"version":3,"file":"file:///D:/Geektrust/DoReMi_Copy/src/helpers/music-subscription-factory/music-factory.ts","sources":["file:///D:/Geektrust/DoReMi_Copy/src/helpers/music-subscription-factory/music-factory.ts"],"names":[],"mappings":";;;;;AAAA,qDAAmF;AAEnF,8DAAgD;AAChD,sEAAwD;AACxD,oEAAsD;AAGtD,MAAqB,6BAA6B;IAC9C,MAAM,CAAC,sBAAsB,CAAC,gBAAwB,EAAE,WAA0B,EAAE,aAAqB;QACtG,QAAO,gBAAgB,EAAE;YACxB,KAAK,+BAAgB,CAAC,IAAI;gBACtB,OAAO,IAAI,oBAAoB,CAAC,WAAW,EAAE,aAAa,CAAC,CAAC;YAEhE,KAAK,+BAAgB,CAAC,QAAQ;gBAC1B,OAAO,IAAI,wBAAwB,CAAC,WAAW,EAAE,aAAa,CAAC,CAAC;YAEpE,KAAK,+BAAgB,CAAC,OAAO;gBACzB,OAAO,IAAI,uBAAuB,CAAC,WAAW,EAAE,aAAa,CAAC,CAAC;SACnE;IACJ,CAAC;CACJ;AAbD,gDAaC","sourcesContent":["import { SubscriptionType, SubscriptionPlan, TopUpPlan } from '../../enumerations';\r\nimport {IMusicSubscriptionPlan} from './music';\r\nimport SubscriptionPlanFree from './music-free';\r\nimport SubscriptionPlanPersonal from './music-personal';\r\nimport SubscriptionPlanPremium from './music-premium';\r\nimport  moment from 'moment';\r\n\r\nexport default class MusicSubscriptionPlanSelector {\r\n    static selectSubscriptionPlan(subscriptionPlan: string, renewalDate: moment.Moment, renewalAmount: number): IMusicSubscriptionPlan {\r\n       switch(subscriptionPlan) {\r\n        case SubscriptionPlan.FREE:\r\n            return new SubscriptionPlanFree(renewalDate, renewalAmount);\r\n        \r\n        case SubscriptionPlan.PERSONAL:\r\n            return new SubscriptionPlanPersonal(renewalDate, renewalAmount);\r\n\r\n        case SubscriptionPlan.PREMIUM:\r\n            return new SubscriptionPlanPremium(renewalDate, renewalAmount);\r\n       }\r\n    }\r\n}"]},"_coverageSchema":"1a1c01bbd47fc00a2c39e90264f33305004495a9","hash":"b8a55e60dc5af6292c49b98eb89eab22ee63f46c","contentHash":"f1ac5b8d3b6e6ecd795e562668ae8dddffa07f55dd3a9e13a8236ac5407e8377"},"D:\\Geektrust\\DoReMi_Copy\\src\\helpers\\music-subscription-factory\\music-free.ts":{"path":"D:\\Geektrust\\DoReMi_Copy\\src\\helpers\\music-subscription-factory\\music-free.ts","statementMap":{"0":{"start":{"line":2,"column":0},"end":{"line":2,"column":62}},"1":{"start":{"line":3,"column":16},"end":{"line":3,"column":34}},"2":{"start":{"line":6,"column":8},"end":{"line":6,"column":16}},"3":{"start":{"line":7,"column":8},"end":{"line":7,"column":39}},"4":{"start":{"line":8,"column":8},"end":{"line":8,"column":43}},"5":{"start":{"line":11,"column":34},"end":{"line":11,"column":88}},"6":{"start":{"line":12,"column":8},"end":{"line":12,"column":169}},"7":{"start":{"line":13,"column":8},"end":{"line":13,"column":90}},"8":{"start":{"line":16,"column":0},"end":{"line":16,"column":39}}},"fnMap":{"0":{"name":"(anonymous_0)","decl":{"start":{"line":5,"column":4},"end":{"line":5,"column":5}},"loc":{"start":{"line":5,"column":44},"end":{"line":9,"column":5}},"line":5},"1":{"name":"(anonymous_1)","decl":{"start":{"line":10,"column":4},"end":{"line":10,"column":5}},"loc":{"start":{"line":10,"column":21},"end":{"line":14,"column":5}},"line":10}},"branchMap":{},"s":{"0":1,"1":1,"2":1,"3":1,"4":1,"5":1,"6":1,"7":1,"8":1},"f":{"0":1,"1":1},"b":{},"inputSourceMap":{"version":3,"file":"file:///D:/Geektrust/DoReMi_Copy/src/helpers/music-subscription-factory/music-free.ts","sources":["file:///D:/Geektrust/DoReMi_Copy/src/helpers/music-subscription-factory/music-free.ts"],"names":[],"mappings":";;AAAA,mCAA8C;AAG9C,MAAqB,oBAAqB,SAAQ,6BAAqB;IACnE,YAAY,WAA0B,EAAE,aAAqB;QACzD,KAAK,EAAE,CAAC;QACR,IAAI,CAAC,WAAW,GAAG,WAAW,CAAC;QAC/B,IAAI,CAAC,aAAa,GAAG,aAAa,CAAC;IACvC,CAAC;IAED,cAAc;QACV,MAAM,iBAAiB,GAAG,IAAI,CAAC,WAAW,CAAC,GAAG,CAAC,CAAC,EAAE,QAAQ,CAAC,CAAC,QAAQ,CAAC,EAAE,EAAE,MAAM,CAAC,CAAC;QACjF,IAAI,CAAC,cAAc,GAAG,yBAAyB,GAAE,iBAAiB,CAAC,MAAM,CAAC,IAAI,CAAC,GAAE,GAAG,GAAE,iBAAiB,CAAC,MAAM,CAAC,IAAI,CAAC,GAAG,GAAG,GAAG,iBAAiB,CAAC,MAAM,CAAC,MAAM,CAAC,CAAC;QAE9J,OAAO,EAAC,cAAc,EAAE,IAAI,CAAC,cAAc,EAAE,aAAa,EAAE,IAAI,CAAC,aAAa,EAAC,CAAC;IACpF,CAAC;CACJ;AAbD,uCAaC","sourcesContent":["import {MusicSubscriptionPlan} from './music';\r\nimport  moment from 'moment';\r\n\r\nexport default class SubscriptionPlanFree extends MusicSubscriptionPlan {\r\n    constructor(renewalDate: moment.Moment, renewalAmount: number) {\r\n        super();\r\n        this.renewalDate = renewalDate;\r\n        this.renewalAmount = renewalAmount;\r\n    }  \r\n\r\n    getRenewalInfo(): { renewalMessage: string; renewalAmount: number; } {\r\n        const music_renewalDate = this.renewalDate.add(1, 'months').subtract(10, 'days');\r\n        this.renewalMessage = 'RENEWAL_REMINDER MUSIC '+ music_renewalDate.format('DD') +'-'+ music_renewalDate.format('MM') + '-' + music_renewalDate.format('YYYY');\r\n            \r\n        return {renewalMessage: this.renewalMessage, renewalAmount: this.renewalAmount};\r\n    }\r\n}"]},"_coverageSchema":"1a1c01bbd47fc00a2c39e90264f33305004495a9","hash":"1dfdb539960827ecc43943a2c2f9600be9480c50","contentHash":"2d1b0bab018eb8f46ac8c27daeb44899eedc1f7789ed8c9db41fcb504218bbb5"},"D:\\Geektrust\\DoReMi_Copy\\src\\helpers\\music-subscription-factory\\music.ts":{"path":"D:\\Geektrust\\DoReMi_Copy\\src\\helpers\\music-subscription-factory\\music.ts","statementMap":{"0":{"start":{"line":2,"column":0},"end":{"line":2,"column":62}},"1":{"start":{"line":3,"column":0},"end":{"line":3,"column":39}},"2":{"start":{"line":6,"column":8},"end":{"line":6,"column":31}},"3":{"start":{"line":7,"column":8},"end":{"line":7,"column":33}},"4":{"start":{"line":10,"column":8},"end":{"line":10,"column":90}},"5":{"start":{"line":13,"column":0},"end":{"line":13,"column":54}}},"fnMap":{"0":{"name":"(anonymous_0)","decl":{"start":{"line":5,"column":4},"end":{"line":5,"column":5}},"loc":{"start":{"line":5,"column":18},"end":{"line":8,"column":5}},"line":5},"1":{"name":"(anonymous_1)","decl":{"start":{"line":9,"column":4},"end":{"line":9,"column":5}},"loc":{"start":{"line":9,"column":21},"end":{"line":11,"column":5}},"line":9}},"branchMap":{},"s":{"0":1,"1":1,"2":3,"3":3,"4":0,"5":1},"f":{"0":3,"1":0},"b":{},"inputSourceMap":{"version":3,"file":"file:///D:/Geektrust/DoReMi_Copy/src/helpers/music-subscription-factory/music.ts","sources":["file:///D:/Geektrust/DoReMi_Copy/src/helpers/music-subscription-factory/music.ts"],"names":[],"mappings":";;;AAWA,MAAa,qBAAqB;IAAlC;QAGI,kBAAa,GAAG,CAAC,CAAC;QAClB,mBAAc,GAAG,EAAE,CAAC;IAKxB,CAAC;IAJG,cAAc;QACV,OAAO,EAAC,cAAc,EAAE,IAAI,CAAC,cAAc,EAAE,aAAa,EAAE,IAAI,CAAC,aAAa,EAAC,CAAC;IACpF,CAAC;CAEJ;AATD,sDASC","sourcesContent":["import  moment from 'moment';\r\n\r\nexport interface IMusicSubscriptionPlan {\r\n    renewalDate: moment.Moment;\r\n    renewalAmount: number;\r\n    renewalMessage: string;\r\n    getRenewalInfo(): { renewalMessage: string; renewalAmount: number; };\r\n\r\n}\r\n\r\n\r\nexport class MusicSubscriptionPlan implements IMusicSubscriptionPlan {\r\n\r\n    renewalDate;\r\n    renewalAmount = 0;\r\n    renewalMessage = \"\";\r\n    getRenewalInfo() {\r\n        return {renewalMessage: this.renewalMessage, renewalAmount: this.renewalAmount};\r\n    }\r\n\r\n}"]},"_coverageSchema":"1a1c01bbd47fc00a2c39e90264f33305004495a9","hash":"d9a5e555b6625ccd6748103071ee2096a2e4dfac","contentHash":"ade4843a387e3b55c7e786a243d5911e2f0e956051a22e3021ed151a1ec9f915"},"D:\\Geektrust\\DoReMi_Copy\\src\\helpers\\music-subscription-factory\\music-personal.ts":{"path":"D:\\Geektrust\\DoReMi_Copy\\src\\helpers\\music-subscription-factory\\music-personal.ts","statementMap":{"0":{"start":{"line":2,"column":0},"end":{"line":2,"column":62}},"1":{"start":{"line":3,"column":16},"end":{"line":3,"column":34}},"2":{"start":{"line":6,"column":8},"end":{"line":6,"column":16}},"3":{"start":{"line":7,"column":8},"end":{"line":7,"column":39}},"4":{"start":{"line":8,"column":8},"end":{"line":8,"column":43}},"5":{"start":{"line":11,"column":34},"end":{"line":11,"column":88}},"6":{"start":{"line":12,"column":8},"end":{"line":12,"column":169}},"7":{"start":{"line":13,"column":8},"end":{"line":13,"column":34}},"8":{"start":{"line":14,"column":8},"end":{"line":14,"column":90}},"9":{"start":{"line":17,"column":0},"end":{"line":17,"column":43}}},"fnMap":{"0":{"name":"(anonymous_0)","decl":{"start":{"line":5,"column":4},"end":{"line":5,"column":5}},"loc":{"start":{"line":5,"column":44},"end":{"line":9,"column":5}},"line":5},"1":{"name":"(anonymous_1)","decl":{"start":{"line":10,"column":4},"end":{"line":10,"column":5}},"loc":{"start":{"line":10,"column":21},"end":{"line":15,"column":5}},"line":10}},"branchMap":{},"s":{"0":1,"1":1,"2":1,"3":1,"4":1,"5":1,"6":1,"7":1,"8":1,"9":1},"f":{"0":1,"1":1},"b":{},"inputSourceMap":{"version":3,"file":"file:///D:/Geektrust/DoReMi_Copy/src/helpers/music-subscription-factory/music-personal.ts","sources":["file:///D:/Geektrust/DoReMi_Copy/src/helpers/music-subscription-factory/music-personal.ts"],"names":[],"mappings":";;AAAA,mCAA8C;AAG9C,MAAqB,wBAAyB,SAAQ,6BAAqB;IACvE,YAAY,WAA0B,EAAE,aAAqB;QACzD,KAAK,EAAE,CAAC;QACR,IAAI,CAAC,WAAW,GAAG,WAAW,CAAC;QAC/B,IAAI,CAAC,aAAa,GAAG,aAAa,CAAC;IACvC,CAAC;IAED,cAAc;QAEV,MAAM,iBAAiB,GAAG,IAAI,CAAC,WAAW,CAAC,GAAG,CAAC,CAAC,EAAE,QAAQ,CAAC,CAAC,QAAQ,CAAC,EAAE,EAAE,MAAM,CAAC,CAAC;QACjF,IAAI,CAAC,cAAc,GAAG,yBAAyB,GAAE,iBAAiB,CAAC,MAAM,CAAC,IAAI,CAAC,GAAE,GAAG,GAAE,iBAAiB,CAAC,MAAM,CAAC,IAAI,CAAC,GAAG,GAAG,GAAG,iBAAiB,CAAC,MAAM,CAAC,MAAM,CAAC,CAAC;QAC9J,IAAI,CAAC,aAAa,IAAE,GAAG,CAAC;QAExB,OAAO,EAAC,cAAc,EAAE,IAAI,CAAC,cAAc,EAAE,aAAa,EAAE,IAAI,CAAC,aAAa,EAAC,CAAC;IACpF,CAAC;CACJ;AAfD,2CAeC","sourcesContent":["import {MusicSubscriptionPlan} from './music';\r\nimport  moment from 'moment';\r\n\r\nexport default class SubscriptionPlanPersonal extends MusicSubscriptionPlan {\r\n    constructor(renewalDate: moment.Moment, renewalAmount: number) {\r\n        super();\r\n        this.renewalDate = renewalDate;\r\n        this.renewalAmount = renewalAmount;\r\n    }  \r\n\r\n    getRenewalInfo(): { renewalMessage: string; renewalAmount: number; } {\r\n        \r\n        const music_renewalDate = this.renewalDate.add(1, 'months').subtract(10, 'days');\r\n        this.renewalMessage = 'RENEWAL_REMINDER MUSIC '+ music_renewalDate.format('DD') +'-'+ music_renewalDate.format('MM') + '-' + music_renewalDate.format('YYYY');\r\n        this.renewalAmount+=100;\r\n            \r\n        return {renewalMessage: this.renewalMessage, renewalAmount: this.renewalAmount};\r\n    }\r\n}"]},"_coverageSchema":"1a1c01bbd47fc00a2c39e90264f33305004495a9","hash":"e4b90bb8ab668935e34dad0ba4f3bd076b2f99e1","contentHash":"002daacf118f02cabc3e46c7251c73137a76e356ee3fd0fc042553f81f3b5fb7"},"D:\\Geektrust\\DoReMi_Copy\\src\\helpers\\music-subscription-factory\\music-premium.ts":{"path":"D:\\Geektrust\\DoReMi_Copy\\src\\helpers\\music-subscription-factory\\music-premium.ts","statementMap":{"0":{"start":{"line":2,"column":0},"end":{"line":2,"column":62}},"1":{"start":{"line":3,"column":16},"end":{"line":3,"column":34}},"2":{"start":{"line":6,"column":8},"end":{"line":6,"column":16}},"3":{"start":{"line":7,"column":8},"end":{"line":7,"column":39}},"4":{"start":{"line":8,"column":8},"end":{"line":8,"column":43}},"5":{"start":{"line":11,"column":34},"end":{"line":11,"column":88}},"6":{"start":{"line":12,"column":8},"end":{"line":12,"column":169}},"7":{"start":{"line":13,"column":8},"end":{"line":13,"column":34}},"8":{"start":{"line":14,"column":8},"end":{"line":14,"column":90}},"9":{"start":{"line":17,"column":0},"end":{"line":17,"column":42}}},"fnMap":{"0":{"name":"(anonymous_0)","decl":{"start":{"line":5,"column":4},"end":{"line":5,"column":5}},"loc":{"start":{"line":5,"column":44},"end":{"line":9,"column":5}},"line":5},"1":{"name":"(anonymous_1)","decl":{"start":{"line":10,"column":4},"end":{"line":10,"column":5}},"loc":{"start":{"line":10,"column":21},"end":{"line":15,"column":5}},"line":10}},"branchMap":{},"s":{"0":1,"1":1,"2":1,"3":1,"4":1,"5":1,"6":1,"7":1,"8":1,"9":1},"f":{"0":1,"1":1},"b":{},"inputSourceMap":{"version":3,"file":"file:///D:/Geektrust/DoReMi_Copy/src/helpers/music-subscription-factory/music-premium.ts","sources":["file:///D:/Geektrust/DoReMi_Copy/src/helpers/music-subscription-factory/music-premium.ts"],"names":[],"mappings":";;AAAA,mCAA8C;AAG9C,MAAqB,uBAAwB,SAAQ,6BAAqB;IAEtE,YAAY,WAA0B,EAAE,aAAqB;QACzD,KAAK,EAAE,CAAC;QACR,IAAI,CAAC,WAAW,GAAG,WAAW,CAAC;QAC/B,IAAI,CAAC,aAAa,GAAG,aAAa,CAAC;IACvC,CAAC;IAED,cAAc;QAEV,MAAM,iBAAiB,GAAG,IAAI,CAAC,WAAW,CAAC,GAAG,CAAC,CAAC,EAAE,QAAQ,CAAC,CAAC,QAAQ,CAAC,EAAE,EAAE,MAAM,CAAC,CAAC;QACjF,IAAI,CAAC,cAAc,GAAG,yBAAyB,GAAE,iBAAiB,CAAC,MAAM,CAAC,IAAI,CAAC,GAAE,GAAG,GAAE,iBAAiB,CAAC,MAAM,CAAC,IAAI,CAAC,GAAG,GAAG,GAAG,iBAAiB,CAAC,MAAM,CAAC,MAAM,CAAC,CAAC;QAC9J,IAAI,CAAC,aAAa,IAAE,GAAG,CAAC;QAExB,OAAO,EAAC,cAAc,EAAE,IAAI,CAAC,cAAc,EAAE,aAAa,EAAE,IAAI,CAAC,aAAa,EAAC,CAAC;IACpF,CAAC;CACJ;AAhBD,0CAgBC","sourcesContent":["import {MusicSubscriptionPlan} from './music';\r\nimport  moment from 'moment';\r\n\r\nexport default class SubscriptionPlanPremium extends MusicSubscriptionPlan {\r\n    \r\n    constructor(renewalDate: moment.Moment, renewalAmount: number) {\r\n        super();\r\n        this.renewalDate = renewalDate;\r\n        this.renewalAmount = renewalAmount;\r\n    }  \r\n\r\n    getRenewalInfo(): { renewalMessage: string; renewalAmount: number; } {\r\n        \r\n        const music_renewalDate = this.renewalDate.add(3, 'months').subtract(10, 'days');\r\n        this.renewalMessage = 'RENEWAL_REMINDER MUSIC '+ music_renewalDate.format('DD') +'-'+ music_renewalDate.format('MM') + '-' + music_renewalDate.format('YYYY');\r\n        this.renewalAmount+=250;\r\n            \r\n        return {renewalMessage: this.renewalMessage, renewalAmount: this.renewalAmount};\r\n    }\r\n}"]},"_coverageSchema":"1a1c01bbd47fc00a2c39e90264f33305004495a9","hash":"56d6de6b291f213e83d8c18b129002fb7d853567","contentHash":"27e49b451d3dc3271291c6bd7aa2ca1290514baf0598fa751531e2c0e4580704"},"D:\\Geektrust\\DoReMi_Copy\\src\\helpers\\video-subscription-factory\\video-factory.ts":{"path":"D:\\Geektrust\\DoReMi_Copy\\src\\helpers\\video-subscription-factory\\video-factory.ts","statementMap":{"0":{"start":{"line":2,"column":22},"end":{"line":4,"column":1}},"1":{"start":{"line":3,"column":4},"end":{"line":3,"column":62}},"2":{"start":{"line":5,"column":0},"end":{"line":5,"column":62}},"3":{"start":{"line":6,"column":23},"end":{"line":6,"column":52}},"4":{"start":{"line":7,"column":21},"end":{"line":7,"column":61}},"5":{"start":{"line":8,"column":25},"end":{"line":8,"column":69}},"6":{"s
[...]
"hash":"6f63a02bed185e424479199eb909b4d26758f8ea","contentHash":"d2912fd88380ad1c74f82bbd4ebfe8510671d081787ca502be869528a717437e"},"D:\\Geektrust\\DoReMi_Copy\\src\\helpers\\video-subscription-factory\\video-premium.ts":{"path":"D:\\Geektrust\\DoReMi_Copy\\src\\helpers\\video-subscription-factory\\video-premium.ts","statementMap":{"0":{"start":{"line":2,"column":0},"end":{"line":2,"column":62}},"1":{"start":{"line":3,"column":16},"end":{"line":3,"column":34}},"2":{"start":{"line":6,"column":8},"end":{"line":6,"column":16}},"3":{"start":{"line":7,"column":8},"end":{"line":7,"column":39}},"4":{"start":{"line":8,"column":8},"end":{"line":8,"column":43}},"5":{"start":{"line":11,"column":34},"end":{"line":11,"column":88}},"6":{"start":{"line":12,"column":8},"end":{"line":12,"column":169}},"7":{"start":{"line":13,"column":8},"end":{"line":13,"column":34}},"8":{"start":{"line":14,"column":8},"end":{"line":14,"column":90}},"9":{"start":{"line":17,"column":0},"end":{"line":17,"column":42}}},"fnMap":{"0":{"name":"(anonymous_0)","decl":{"start":{"line":5,"column":4},"end":{"line":5,"column":5}},"loc":{"start":{"line":5,"column":44},"end":{"line":9,"column":5}},"line":5},"1":{"name":"(anonymous_1)","decl":{"start":{"line":10,"column":4},"end":{"line":10,"column":5}},"loc":{"start":{"line":10,"column":21},"end":{"line":15,"column":5}},"line":10}},"branchMap":{},"s":{"0":1,"1":1,"2":1,"3":1,"4":1,"5":1,"6":1,"7":1,"8":1,"9":1},"f":{"0":1,"1":1},"b":{},"inputSourceMap":{"version":3,"file":"file:///D:/Geektrust/DoReMi_Copy/src/helpers/video-subscription-factory/video-premium.ts","sources":["file:///D:/Geektrust/DoReMi_Copy/src/helpers/video-subscription-factory/video-premium.ts"],"names":[],"mappings":";;AAAA,mCAA8C;AAG9C,MAAqB,uBAAwB,SAAQ,6BAAqB;IAEtE,YAAY,WAA0B,EAAE,aAAqB;QACzD,KAAK,EAAE,CAAC;QACR,IAAI,CAAC,WAAW,GAAG,WAAW,CAAC;QAC/B,IAAI,CAAC,aAAa,GAAG,aAAa,CAAC;IACvC,CAAC;IAED,cAAc;QAEV,MAAM,iBAAiB,GAAG,IAAI,CAAC,WAAW,CAAC,GAAG,CAAC,CAAC,EAAE,QAAQ,CAAC,CAAC,QAAQ,CAAC,EAAE,EAAE,MAAM,CAAC,CAAC;QACjF,IAAI,CAAC,cAAc,GAAG,yBAAyB,GAAE,iBAAiB,CAAC,MAAM,CAAC,IAAI,CAAC,GAAE,GAAG,GAAE,iBAAiB,CAAC,MAAM,CAAC,IAAI,CAAC,GAAG,GAAG,GAAG,iBAAiB,CAAC,MAAM,CAAC,MAAM,CAAC,CAAC;QAC9J,IAAI,CAAC,aAAa,IAAE,GAAG,CAAC;QAExB,OAAO,EAAC,cAAc,EAAE,IAAI,CAAC,cAAc,EAAE,aAAa,EAAE,IAAI,CAAC,aAAa,EAAC,CAAC;IACpF,CAAC;CACJ;AAhBD,0CAgBC","sourcesContent":["import {VideoSubscriptionPlan} from './video';\r\nimport  moment from 'moment';\r\n\r\nexport default class SubscriptionPlanPremium extends VideoSubscriptionPlan {\r\n    \r\n    constructor(renewalDate: moment.Moment, renewalAmount: number) {\r\n        super();\r\n        this.renewalDate = renewalDate;\r\n        this.renewalAmount = renewalAmount;\r\n    }  \r\n\r\n    getRenewalInfo(): { renewalMessage: string; renewalAmount: number; } {\r\n        \r\n        const video_renewalDate = this.renewalDate.add(3, 'months').subtract(10, 'days');\r\n        this.renewalMessage = 'RENEWAL_REMINDER VIDEO '+ video_renewalDate.format('DD') +'-'+ video_renewalDate.format('MM') + '-' + video_renewalDate.format('YYYY');\r\n        this.renewalAmount+=500;\r\n            \r\n        return {renewalMessage: this.renewalMessage, renewalAmount: this.renewalAmount};\r\n    }\r\n}"]},"_coverageSchema":"1a1c01bbd47fc00a2c39e90264f33305004495a9","hash":"a675b0ec592da2fdbdddd682e4a7eaeff7734f06","contentHash":"93d8951744d4d0d928f9814e46f657865bd91484a1716d0cde8f53f3ad59954a"},"D:\\Geektrust\\DoReMi_Copy\\src\\helpers\\podcast-subscription-factory\\podcast-factory.ts":{"path":"D:\\Geektrust\\DoReMi_Copy\\src\\helpers\\podcast-subscription-factory\\podcast-factory.ts","statementMap":{"0":{"start":{"line":2,"column":22},"end":{"line":4,"column":1}},"1":{"start":{"line":3,"column":4},"end":{"line":3,"column":62}},"2":{"start":{"line":5,"column":0},"end":{"line":5,"column":62}},"3":{"start":{"line":6,"column":23},"end":{"line":6,"column":52}},"4":{"start":{"line":7,"column":23},"end":{"line":7,"column":65}},"5":{"start":{"line":8,"column":27},"end":{"line":8,"column":73}},"6":{"start":{"line":9,"column":26},"end":{"line":9,"column":71}},"7":{"start":{"line":12,"column":8},"end":{"line":19,"column":9}},"8":{"start":{"line":14,"column":16},"end":{"line":14,"column":78}},"9":{"start":{"line":16,"column":16},"end":{"line":16,"column":82}},"10":{"start":{"line":18,"column":16},"end":{"line":18,"column":81}},"11":{"start":{"line":22,"column":0},"end":{"line":22,"column":50}}},"fnMap":{"0":{"name":"(anonymous_0)","decl":{"start":{"line":2,"column":56},"end":{"line":2,"column":57}},"loc":{"start":{"line":2,"column":71},"end":{"line":4,"column":1}},"line":2},"1":{"name":"(anonymous_1)","decl":{"start":{"line":11,"column":4},"end":{"line":11,"column":5}},"loc":{"start":{"line":11,"column":80},"end":{"line":20,"column":5}},"line":11}},"branchMap":{"0":{"loc":{"start":{"line":2,"column":22},"end":{"line":4,"column":1}},"type":"binary-expr","locations":[{"start":{"line":2,"column":23},"end":{"line":2,"column":27}},{"start":{"line":2,"column":31},"end":{"line":2,"column":51}},{"start":{"line":2,"column":56},"end":{"line":4,"column":1}}],"line":2},"1":{"loc":{"start":{"line":3,"column":11},"end":{"line":3,"column":61}},"type":"cond-expr","locations":[{"start":{"line":3,"column":37},"end":{"line":3,"column":40}},{"start":{"line":3,"column":43},"end":{"line":3,"column":61}}],"line":3},"2":{"loc":{"start":{"line":3,"column":12},"end":{"line":3,"column":33}},"type":"binary-expr","locations":[{"start":{"line":3,"column":12},"end":{"line":3,"column":15}},{"start":{"line":3,"column":19},"end":{"line":3,"column":33}}],"line":3},"3":{"loc":{"start":{"line":12,"column":8},"end":{"line":19,"column":9}},"type":"switch","locations":[{"start":{"line":13,"column":12},"end":{"line":14,"column":78}},{"start":{"line":15,"column":12},"end":{"line":16,"column":82}},{"start":{"line":17,"column":12},"end":{"line":18,"column":81}}],"line":12}},"s":{"0":1,"1":3,"2":1,"3":1,"4":1,"5":1,"6":1,"7":3,"8":1,"9":1,"10":1,"11":1},"f":{"0":3,"1":3},"b":{"0":[1,1,1],"1":[3,0],"2":[3,3],"3":[1,1,1]},"inputSourceMap":{"version":3,"file":"file:///D:/Geektrust/DoReMi_Copy/src/helpers/podcast-subscription-factory/podcast-factory.ts","sources":["file:///D:/Geektrust/DoReMi_Copy/src/helpers/podcast-subscription-factory/podcast-factory.ts"],"names":[],"mappings":";;;;;AAAA,qDAAmF;AAEnF,kEAAkD;AAClD,0EAA0D;AAC1D,wEAAwD;AAGxD,MAAqB,+BAA+B;IAChD,MAAM,CAAC,sBAAsB,CAAC,gBAAwB,EAAE,WAA0B,EAAE,aAAqB;QACtG,QAAO,gBAAgB,EAAE;YACxB,KAAK,+BAAgB,CAAC,IAAI;gBACtB,OAAO,IAAI,sBAAoB,CAAC,WAAW,EAAE,aAAa,CAAC,CAAC;YAEhE,KAAK,+BAAgB,CAAC,QAAQ;gBAC1B,OAAO,IAAI,0BAAwB,CAAC,WAAW,EAAE,aAAa,CAAC,CAAC;YAEpE,KAAK,+BAAgB,CAAC,OAAO;gBACzB,OAAO,IAAI,yBAAuB,CAAC,WAAW,EAAE,aAAa,CAAC,CAAC;SACnE;IACJ,CAAC;CACJ;AAbD,kDAaC","sourcesContent":["import { SubscriptionType, SubscriptionPlan, TopUpPlan } from '../../enumerations';\r\nimport {IPodcastSubscriptionPlan} from './podcast';\r\nimport SubscriptionPlanFree from './podcast-free';\r\nimport SubscriptionPlanPersonal from './podcast-personal';\r\nimport SubscriptionPlanPremium from './podcast-premium';\r\nimport  moment from 'moment';\r\n\r\nexport default class PodcastSubscriptionPlanSelector {\r\n    static selectSubscriptionPlan(subscriptionPlan: string, renewalDate: moment.Moment, renewalAmount: number): IPodcastSubscriptionPlan {\r\n       switch(subscriptionPlan) {\r\n        case SubscriptionPlan.FREE:\r\n            return new SubscriptionPlanFree(renewalDate, renewalAmount);\r\n        \r\n        case SubscriptionPlan.PERSONAL:\r\n            return new SubscriptionPlanPersonal(renewalDate, renewalAmount);\r\n\r\n        case SubscriptionPlan.PREMIUM:\r\n            return new SubscriptionPlanPremium(renewalDate, renewalAmount);\r\n       }\r\n    }\r\n}"]},"_coverageSchema":"1a1c01bbd47fc00a2c39e90264f33305004495a9","hash":"927e0eda65ac95d10ea31bbe5245ec9df285ac98","contentHash":"028da3da4d3ae95a500cdf4e2e74d20218a86e2ce8292cbfc36af559be4c3629"},"D:\\Geektrust\\DoReMi_Copy\\src\\helpers\\podcast-subscription-factory\\podcast-free.ts":{"path":"D:\\Geektrust\\DoReMi_Copy\\src\\helpers\\podcast-subscription-factory\\podcast-free.ts","statementMap":{"0":{"start":{"line":2,"column":0},"end":{"line":2,"column":62}},"1":{"start":{"line":3,"column":18},"end":{"line":3,"column":38}},"2":{"start":{"line":6,"column":8},"end":{"line":6,"column":16}},"3":{"start":{"line":7,"column":8},"end":{"line":7,"column":39}},"4":{"start":{"line":8,"column":8},"end":{"line":8,"column":43}},"5":{"start":{"line":11,"column":36},"end":{"line":11,"column":90}},"6":{"start":{"line":12,"column":8},"end":{"line":12,"column":177}},"7":{"start":{"line":13,"column":8},"end":{"line":13,"column":90}},"8":{"start":{"line":16,"column":0},"end":{"line":16,"column":39}}},"fnMap":{"0":{"name":"(anonymous_0)","decl":{"start":{"line":5,"column":4},"end":{"line":5,"column":5}},"loc":{"start":{"line":5,"column":44},"end":{"line":9,"column":5}},"line":5},"1":{"name":"(anonymous_1)","decl":{"start":{"line":10,"column":4},"end":{"line":10,"column":5}},"loc":{"start":{"line":10,"column":21},"end":{"line":14,"column":5}},"line":10}},"branchMap":{},"s":{"0":1,"1":1,"2":1,"3":1,"4":1,"5":1,"6":1,"7":1,"8":1},"f":{"0":1,"1":1},"b":{},"inputSourceMap":{"version":3,"file":"file:///D:/Geektrust/DoReMi_Copy/src/helpers/podcast-subscription-factory/podcast-free.ts","sources":["file:///D:/Geektrust/DoReMi_Copy/src/helpers/podcast-subscription-factory/podcast-free.ts"],"names":[],"mappings":";;AAAA,uCAAkD;AAGlD,MAAqB,oBAAqB,SAAQ,iCAAuB;IACrE,YAAY,WAA0B,EAAE,aAAqB;QACzD,KAAK,EAAE,CAAC;QACR,IAAI,CAAC,WAAW,GAAG,WAAW,CAAC;QAC/B,IAAI,CAAC,aAAa,GAAG,aAAa,CAAC;IACvC,CAAC;IAED,cAAc;QACV,MAAM,mBAAmB,GAAG,IAAI,CAAC,WAAW,CAAC,GAAG,CAAC,CAAC,EAAE,QAAQ,CAAC,CAAC,QAAQ,CAAC,EAAE,EAAE,MAAM,CAAC,CAAC;QACnF,IAAI,CAAC,cAAc,GAAG,2BAA2B,GAAE,mBAAmB,CAAC,MAAM,CAAC,IAAI,CAAC,GAAE,GAAG,GAAE,mBAAmB,CAAC,MAAM,CAAC,IAAI,CAAC,GAAG,GAAG,GAAG,mBAAmB,CAAC,MAAM,CAAC,MAAM,CAAC,CAAC;QAEtK,OAAO,EAAC,cAAc,EAAE,IAAI,CAAC,cAAc,EAAE,aAAa,EAAE,IAAI,CAAC,aAAa,EAAC,CAAC;IACpF,CAAC;CACJ;AAbD,uCAaC","sourcesContent":["import {PodcastSubscriptionPlan} from './podcast';\r\nimport  moment from 'moment';\r\n\r\nexport default class SubscriptionPlanFree extends PodcastSubscriptionPlan {\r\n    constructor(renewalDate: moment.Moment, renewalAmount: number) {\r\n        super();\r\n        this.renewalDate = renewalDate;\r\n        this.renewalAmount = renewalAmount;\r\n    }  \r\n\r\n    getRenewalInfo(): { renewalMessage: string; renewalAmount: number; } {\r\n        const podcast_renewalDate = this.renewalDate.add(1, 'months').subtract(10, 'days');\r\n        this.renewalMessage = 'RENEWAL_REMINDER PODCAST '+ podcast_renewalDate.format('DD') +'-'+ podcast_renewalDate.format('MM') + '-' + podcast_renewalDate.format('YYYY');\r\n            \r\n        return {renewalMessage: this.renewalMessage, renewalAmount: this.renewalAmount};\r\n    }\r\n}"]},"_coverageSchema":"1a1c01bbd47fc00a2c39e90264f33305004495a9","hash":"3620b1aaae345f8ea108bcdff426225ce4a8fa6a","contentHash":"e6b2d44b953548dc7c66c479c021890c240344ea10ff9a8ad349193ad55f2453"},"D:\\Geektrust\\DoReMi_Copy\\src\\helpers\\podcast-subscription-factory\\podcast.ts":{"path":"D:\\Geektrust\\DoReMi_Copy\\src\\helpers\\podcast-subscription-factory\\podcast.ts","statementMap":{"0":{"start":{"line":2,"column":0},"end":{"line":2,"column":62}},"1":{"start":{"line":3,"column":0},"end":{"line":3,"column":41}},"2":{"start":{"line":6,"column":8},"end":{"line":6,"column":31}},"3":{"start":{"line":7,"column":8},"end":{"line":7,"column":33}},"4":{"start":{"line":10,"column":8},"end":{"line":10,"column":90}},"5":{"start":{"line":13,"column":0},"end":{"line":13,"column":58}}},"fnMap":{"0":{"name":"(anonymous_0)","decl":{"start":{"line":5,"column":4},"end":{"line":5,"column":5}},"loc":{"start":{"line":5,"column":18},"end":{"line":8,"column":5}},"line":5},"1":{"name":"(anonymous_1)","decl":{"start":{"line":9,"column":4},"end":{"line":9,"column":5}},"loc":{"start":{"line":9,"column":21},"end":{"line":11,"column":5}},"line":9}},"branchMap":{},"s":{"0":1,"1":1,"2":3,"3":3,"4":0,"5":1},"f":{"0":3,"1":0},"b":{},"inputSourceMap":{"version":3,"file":"file:///D:/Geektrust/DoReMi_Copy/src/helpers/podcast-subscription-factory/podcast.ts","sources":["file:///D:/Geektrust/DoReMi_Copy/src/helpers/podcast-subscription-factory/podcast.ts"],"names":[],"mappings":";;;AAWA,MAAa,uBAAuB;IAApC;QAGI,kBAAa,GAAG,CAAC,CAAC;QAClB,mBAAc,GAAG,EAAE,CAAC;IAKxB,CAAC;IAJG,cAAc;QACV,OAAO,EAAC,cAAc,EAAE,IAAI,CAAC,cAAc,EAAE,aAAa,EAAE,IAAI,CAAC,aAAa,EAAC,CAAC;IACpF,CAAC;CAEJ;AATD,0DASC","sourcesContent":["import  moment from 'moment';\r\n\r\nexport interface IPodcastSubscriptionPlan {\r\n    renewalDate: moment.Moment;\r\n    renewalAmount: number;\r\n    renewalMessage: string;\r\n    getRenewalInfo(): { renewalMessage: string; renewalAmount: number; };\r\n\r\n}\r\n\r\n\r\nexport class PodcastSubscriptionPlan implements IPodcastSubscriptionPlan {\r\n\r\n    renewalDate;\r\n    renewalAmount = 0;\r\n    renewalMessage = \"\";\r\n    getRenewalInfo() {\r\n        return {renewalMessage: this.renewalMessage, renewalAmount: this.renewalAmount};\r\n    }\r\n\r\n}"]},"_coverageSchema":"1a1c01bbd47fc00a2c39e90264f33305004495a9","hash":"df0734e23dd6a693eee7d99951f9369e2b1f3530","contentHash":"b4136929cc5c3eaeafcc43c5b6140479f2bb2be34033d435af216443c4b65e5f"},"D:\\Geektrust\\DoReMi_Copy\\src\\helpers\\podcast-subscription-factory\\podcast-personal.ts":{"path":"D:\\Geektrust\\DoReMi_Copy\\src\\helpers\\podcast-subscription-factory\\podcast-personal.ts","statementMap":{"0":{"start":{"line":2,"column":0},"end":{"line":2,"column":62}},"1":{"start":{"line":3,"column":18},"end":{"line":3,"column":38}},"2":{"start":{"line":6,"column":8},"end":{"line":6,"column":16}},"3":{"start":{"line":7,"column":8},"end":{"line":7,"column":39}},"4":{"start":{"line":8,"column":8},"end":{"line":8,"column":43}},"5":{"start":{"line":11,"column":36},"end":{"line":11,"column":90}},"6":{"start":{"line":12,"column":8},"end":{"line":12,"column":177}},"7":{"start":{"line":13,"column":8},"end":{"line":13,"column":34}},"8":{"start":{"line":14,"column":8},"end":{"line":14,"column":90}},"9":{"start":{"line":17,"column":0},"end":{"line":17,"column":43}}},"fnMap":{"0":{"name":"(anonymous_0)","decl":{"start":{"line":5,"column":4},"end":{"line":5,"column":5}},"loc":{"start":{"line":5,"column":44},"end":{"line":9,"column":5}},"line":5},"1":{"name":"(anonymous_1)","decl":{"start":{"line":10,"column":4},"end":{"line":10,"column":5}},"loc":{"start":{"line":10,"column":21},"end":{"line":15,"column":5}},"line":10}},"branchMap":{},"s":{"0":1,"1":1,"2":1,"3":1,"4":1,"5":1,"6":1,"7":1,"8":1,"9":1},"f":{"0":1,"1":1},"b":{},"inputSourceMap":{"version":3,"file":"file:///D:/Geektrust/DoReMi_Copy/src/helpers/podcast-subscription-factory/podcast-personal.ts","sources":["file:///D:/Geektrust/DoReMi_Copy/src/helpers/podcast-subscription-factory/podcast-personal.ts"],"names":[],"mappings":";;AAAA,uCAAkD;AAGlD,MAAqB,wBAAyB,SAAQ,iCAAuB;IACzE,YAAY,WAA0B,EAAE,aAAqB;QACzD,KAAK,EAAE,CAAC;QACR,IAAI,CAAC,WAAW,GAAG,WAAW,CAAC;QAC/B,IAAI,CAAC,aAAa,GAAG,aAAa,CAAC;IACvC,CAAC;IAED,cAAc;QAEV,MAAM,mBAAmB,GAAG,IAAI,CAAC,WAAW,CAAC,GAAG,CAAC,CAAC,EAAE,QAAQ,CAAC,CAAC,QAAQ,CAAC,EAAE,EAAE,MAAM,CAAC,CAAC;QACnF,IAAI,CAAC,cAAc,GAAG,2BAA2B,GAAE,mBAAmB,CAAC,MAAM,CAAC,IAAI,CAAC,GAAE,GAAG,GAAE,mBAAmB,CAAC,MAAM,CAAC,IAAI,CAAC,GAAG,GAAG,GAAG,mBAAmB,CAAC,MAAM,CAAC,MAAM,CAAC,CAAC;QACtK,IAAI,CAAC,aAAa,IAAE,GAAG,CAAC;QAExB,OAAO,EAAC,cAAc,EAAE,IAAI,CAAC,cAAc,EAAE,aAAa,EAAE,IAAI,CAAC,aAAa,EAAC,CAAC;IACpF,CAAC;CACJ;AAfD,2CAeC","sourcesContent":["import {PodcastSubscriptionPlan} from './podcast';\r\nimport  moment from 'moment';\r\n\r\nexport default class SubscriptionPlanPersonal extends PodcastSubscriptionPlan {\r\n    constructor(renewalDate: moment.Moment, renewalAmount: number) {\r\n        super();\r\n        this.renewalDate = renewalDate;\r\n        this.renewalAmount = renewalAmount;\r\n    }  \r\n\r\n    getRenewalInfo(): { renewalMessage: string; renewalAmount: number; } {\r\n        \r\n        const podcast_renewalDate = this.renewalDate.add(1, 'months').subtract(10, 'days');\r\n        this.renewalMessage = 'RENEWAL_REMINDER PODCAST '+ podcast_renewalDate.format('DD') +'-'+ podcast_renewalDate.format('MM') + '-' + podcast_renewalDate.format('YYYY');\r\n        this.renewalAmount+=100;\r\n            \r\n        return {renewalMessage: this.renewalMessage, renewalAmount: this.renewalAmount};\r\n    }\r\n}"]},"_coverageSchema":"1a1c01bbd47fc00a2c39e90264f33305004495a9","hash":"356d728a053999f4397dd418456972ae3ea1a64d","contentHash":"bde3276c37dc5979191ffb47bce9c584e46b8c20a7e0eac50ceb4dbd257bc1f7"},"D:\\Geektrust\\DoReMi_Copy\\src\\helpers\\podcast-subscription-factory\\podcast-premium.ts":{"path":"D:\\Geektrust\\DoReMi_Copy\\src\\helpers\\podcast-subscription-factory\\podcast-premium.ts","statementMap":{"0":{"start":{"line":2,"column":0},"end":{"line":2,"column":62}},"1":{"start":{"line":3,"column":18},"end":{"line":3,"column":38}},"2":{"start":{"line":6,"column":8},"end":{"line":6,"column":16}},"3":{"start":{"line":7,"column":8},"end":{"line":7,"column":39}},"4":{"start":{"line":8,"column":8},"end":{"line":8,"column":43}},"5":{"start":{"line":11,"column":36},"end":{"line":11,"column":90}},"6":{"start":{"line":12,"column":8},"end":{"line":12,"column":177}},"7":{"start":{"line":13,"column":8},"end":{"line":13,"column":34}},"8":{"start":{"line":14,"column":8},"end":{"line":14,"column":90}},"9":{"start":{"line":17,"column":0},"end":{"line":17,"column":42}}},"fnMap":{"0":{"name":"(anonymous_0)","decl":{"start":{"line":5,"column":4},"end":{"line":5,"column":5}},"loc":{"start":{"line":5,"column":44},"end":{"line":9,"column":5}},"line":5},"1":{"name":"(anonymous_1)","decl":{"start":{"line":10,"column":4},"end":{"line":10,"column":5}},"loc":{"start":{"line":10,"column":21},"end":{"line":15,"column":5}},"line":10}},"branchMap":{},"s":{"0":1,"1":1,"2":1,"3":1,"4":1,"5":1,"6":1,"7":1,"8":1,"9":1},"f":{"0":1,"1":1},"b":{},"inputSourceMap":{"version":3,"file":"file:///D:/Geektrust/DoReMi_Copy/src/helpers/podcast-subscription-factory/podcast-premium.ts","sources":["file:///D:/Geektrust/DoReMi_Copy/src/helpers/podcast-subscription-factory/podcast-premium.ts"],"names":[],"mappings":";;AAAA,uCAAkD;AAGlD,MAAqB,uBAAwB,SAAQ,iCAAuB;IAExE,YAAY,WAA0B,EAAE,aAAqB;QACzD,KAAK,EAAE,CAAC;QACR,IAAI,CAAC,WAAW,GAAG,WAAW,CAAC;QAC/B,IAAI,CAAC,aAAa,GAAG,aAAa,CAAC;IACvC,CAAC;IAED,cAAc;QAEV,MAAM,mBAAmB,GAAG,IAAI,CAAC,WAAW,CAAC,GAAG,CAAC,CAAC,EAAE,QAAQ,CAAC,CAAC,QAAQ,CAAC,EAAE,EAAE,MAAM,CAAC,CAAC;QACnF,IAAI,CAAC,cAAc,GAAG,2BAA2B,GAAE,mBAAmB,CAAC,MAAM,CAAC,IAAI,CAAC,GAAE,GAAG,GAAE,mBAAmB,CAAC,MAAM,CAAC,IAAI,CAAC,GAAG,GAAG,GAAG,mBAAmB,CAAC,MAAM,CAAC,MAAM,CAAC,CAAC;QACtK,IAAI,CAAC,aAAa,IAAE,GAAG,CAAC;QAExB,OAAO,EAAC,cAAc,EAAE,IAAI,CAAC,cAAc,EAAE,aAAa,EAAE,IAAI,CAAC,aAAa,EAAC,CAAC;IACpF,CAAC;CACJ;AAhBD,0CAgBC","sourcesContent":["import {PodcastSubscriptionPlan} from './podcast';\r\nimport  moment from 'moment';\r\n\r\nexport default class SubscriptionPlanPremium extends PodcastSubscriptionPlan {\r\n    \r\n    constructor(renewalDate: moment.Moment, renewalAmount: number) {\r\n        super();\r\n        this.renewalDate = renewalDate;\r\n        this.renewalAmount = renewalAmount;\r\n    }  \r\n\r\n    getRenewalInfo(): { renewalMessage: string; renewalAmount: number; } {\r\n        \r\n        const podcast_renewalDate = this.renewalDate.add(3, 'months').subtract(10, 'days');\r\n        this.renewalMessage = 'RENEWAL_REMINDER PODCAST '+ podcast_renewalDate.format('DD') +'-'+ podcast_renewalDate.format('MM') + '-' + podcast_renewalDate.format('YYYY');\r\n        this.renewalAmount+=300;\r\n            \r\n        return {renewalMessage: this.renewalMessage, renewalAmount: this.renewalAmount};\r\n    }\r\n}"]},"_coverageSchema":"1a1c01bbd47fc00a2c39e90264f33305004495a9","hash":"533da262dc69e579f7d5cdc4c772b06e2cfacc7a","contentHash":"3767028624eb5aff63c310681cebeb97283cb91ebf7cdc0ec2f2fdd79cf1d310"}}